mode: set
github.com/ArubikU/polyloft-bvm/cmd/polyloft-bvm/main.go:24.13,25.12 1 0
github.com/ArubikU/polyloft-bvm/cmd/polyloft-bvm/main.go:25.12,28.3 2 0
github.com/ArubikU/polyloft-bvm/cmd/polyloft-bvm/main.go:29.2,29.17 1 0
github.com/ArubikU/polyloft-bvm/cmd/polyloft-bvm/main.go:32.17,33.48 1 0
github.com/ArubikU/polyloft-bvm/cmd/polyloft-bvm/main.go:33.48,36.3 2 0
github.com/ArubikU/polyloft-bvm/cmd/polyloft-bvm/main.go:37.2,37.50 1 0
github.com/ArubikU/polyloft-bvm/cmd/polyloft-bvm/main.go:37.50,40.3 2 0
github.com/ArubikU/polyloft-bvm/cmd/polyloft-bvm/main.go:41.2,41.48 1 0
github.com/ArubikU/polyloft-bvm/cmd/polyloft-bvm/main.go:41.48,44.3 2 0
github.com/ArubikU/polyloft-bvm/cmd/polyloft-bvm/main.go:45.2,45.22 1 0
github.com/ArubikU/polyloft-bvm/cmd/polyloft-bvm/main.go:45.22,48.3 2 0
github.com/ArubikU/polyloft-bvm/cmd/polyloft-bvm/main.go:50.2,51.22 2 0
github.com/ArubikU/polyloft-bvm/cmd/polyloft-bvm/main.go:51.22,53.17 2 0
github.com/ArubikU/polyloft-bvm/cmd/polyloft-bvm/main.go:53.17,56.4 2 0
github.com/ArubikU/polyloft-bvm/cmd/polyloft-bvm/main.go:57.3,58.9 2 0
github.com/ArubikU/polyloft-bvm/cmd/polyloft-bvm/main.go:60.2,63.92 3 0
github.com/ArubikU/polyloft-bvm/cmd/polyloft-bvm/main.go:63.92,64.23 1 0
github.com/ArubikU/polyloft-bvm/cmd/polyloft-bvm/main.go:64.23,67.4 2 0
github.com/ArubikU/polyloft-bvm/cmd/polyloft-bvm/main.go:68.3,69.20 2 0
github.com/ArubikU/polyloft-bvm/cmd/polyloft-bvm/main.go:70.8,72.3 1 0
github.com/ArubikU/polyloft-bvm/cmd/polyloft-bvm/main.go:74.2,74.17 1 0
github.com/ArubikU/polyloft-bvm/cmd/polyloft-bvm/main.go:75.15,76.31 1 0
github.com/ArubikU/polyloft-bvm/cmd/polyloft-bvm/main.go:77.14,78.35 1 0
github.com/ArubikU/polyloft-bvm/cmd/polyloft-bvm/main.go:79.17,80.38 1 0
github.com/ArubikU/polyloft-bvm/cmd/polyloft-bvm/main.go:81.10,83.13 2 0
github.com/ArubikU/polyloft-bvm/cmd/polyloft-bvm/main.go:87.52,88.38 1 0
github.com/ArubikU/polyloft-bvm/cmd/polyloft-bvm/main.go:88.38,90.17 2 0
github.com/ArubikU/polyloft-bvm/cmd/polyloft-bvm/main.go:90.17,92.4 1 0
github.com/ArubikU/polyloft-bvm/cmd/polyloft-bvm/main.go:93.3,98.13 6 0
github.com/ArubikU/polyloft-bvm/cmd/polyloft-bvm/main.go:100.2,100.37 1 0
github.com/ArubikU/polyloft-bvm/cmd/polyloft-bvm/main.go:100.37,102.17 2 0
github.com/ArubikU/polyloft-bvm/cmd/polyloft-bvm/main.go:102.17,104.4 1 0
github.com/ArubikU/polyloft-bvm/cmd/polyloft-bvm/main.go:105.3,108.13 4 0
github.com/ArubikU/polyloft-bvm/cmd/polyloft-bvm/main.go:110.2,111.16 2 0
github.com/ArubikU/polyloft-bvm/cmd/polyloft-bvm/main.go:111.16,113.3 1 0
github.com/ArubikU/polyloft-bvm/cmd/polyloft-bvm/main.go:114.2,117.12 4 0
github.com/ArubikU/polyloft-bvm/cmd/polyloft-bvm/main.go:120.78,121.20 1 0
github.com/ArubikU/polyloft-bvm/cmd/polyloft-bvm/main.go:121.20,123.3 1 0
github.com/ArubikU/polyloft-bvm/cmd/polyloft-bvm/main.go:124.2,124.43 1 0
github.com/ArubikU/polyloft-bvm/cmd/polyloft-bvm/main.go:124.43,126.3 1 0
github.com/ArubikU/polyloft-bvm/cmd/polyloft-bvm/main.go:127.2,127.30 1 0
github.com/ArubikU/polyloft-bvm/cmd/polyloft-bvm/main.go:127.30,129.3 1 0
github.com/ArubikU/polyloft-bvm/cmd/polyloft-bvm/main.go:130.2,130.17 1 0
github.com/ArubikU/polyloft-bvm/cmd/polyloft-bvm/main.go:130.17,132.3 1 0
github.com/ArubikU/polyloft-bvm/cmd/polyloft-bvm/main.go:135.78,137.2 1 1
github.com/ArubikU/polyloft-bvm/cmd/polyloft-bvm/main.go:139.62,142.33 3 1
github.com/ArubikU/polyloft-bvm/cmd/polyloft-bvm/main.go:142.33,143.18 1 1
github.com/ArubikU/polyloft-bvm/cmd/polyloft-bvm/main.go:144.16,146.32 2 1
github.com/ArubikU/polyloft-bvm/cmd/polyloft-bvm/main.go:146.32,148.5 1 1
github.com/ArubikU/polyloft-bvm/cmd/polyloft-bvm/main.go:149.26,151.22 2 1
github.com/ArubikU/polyloft-bvm/cmd/polyloft-bvm/main.go:151.22,153.5 1 0
github.com/ArubikU/polyloft-bvm/cmd/polyloft-bvm/main.go:154.4,155.35 2 1
github.com/ArubikU/polyloft-bvm/cmd/polyloft-bvm/main.go:155.35,157.5 1 1
github.com/ArubikU/polyloft-bvm/cmd/polyloft-bvm/main.go:158.4,158.34 1 1
github.com/ArubikU/polyloft-bvm/cmd/polyloft-bvm/main.go:159.20,160.22 1 1
github.com/ArubikU/polyloft-bvm/cmd/polyloft-bvm/main.go:161.11,162.46 1 1
github.com/ArubikU/polyloft-bvm/cmd/polyloft-bvm/main.go:165.2,165.27 1 1
github.com/ArubikU/polyloft-bvm/cmd/polyloft-bvm/main.go:165.27,167.3 1 0
github.com/ArubikU/polyloft-bvm/cmd/polyloft-bvm/main.go:168.2,168.34 1 1
github.com/ArubikU/polyloft-bvm/cmd/polyloft-bvm/main.go:171.41,173.2 1 0
github.com/ArubikU/polyloft-bvm/cmd/polyloft-bvm/main.go:175.41,177.16 2 0
github.com/ArubikU/polyloft-bvm/cmd/polyloft-bvm/main.go:177.16,179.3 1 0
github.com/ArubikU/polyloft-bvm/cmd/polyloft-bvm/main.go:180.2,180.15 1 0
github.com/ArubikU/polyloft-bvm/cmd/polyloft-bvm/main.go:180.15,182.3 1 0
github.com/ArubikU/polyloft-bvm/cmd/polyloft-bvm/main.go:183.2,184.16 2 0
github.com/ArubikU/polyloft-bvm/cmd/polyloft-bvm/main.go:184.16,186.3 1 0
github.com/ArubikU/polyloft-bvm/cmd/polyloft-bvm/main.go:187.2,189.12 3 0
github.com/ArubikU/polyloft-bvm/cmd/polyloft-bvm/main.go:192.39,193.20 1 0
github.com/ArubikU/polyloft-bvm/cmd/polyloft-bvm/main.go:193.20,195.3 1 0
github.com/ArubikU/polyloft-bvm/cmd/polyloft-bvm/main.go:196.2,196.33 1 0
github.com/ArubikU/polyloft-bvm/cmd/polyloft-bvm/main.go:199.67,204.33 5 0
github.com/ArubikU/polyloft-bvm/cmd/polyloft-bvm/main.go:204.33,205.18 1 0
github.com/ArubikU/polyloft-bvm/cmd/polyloft-bvm/main.go:206.18,207.20 1 0
github.com/ArubikU/polyloft-bvm/cmd/polyloft-bvm/main.go:208.18,209.24 1 0
github.com/ArubikU/polyloft-bvm/cmd/polyloft-bvm/main.go:210.17,212.22 2 0
github.com/ArubikU/polyloft-bvm/cmd/polyloft-bvm/main.go:212.22,214.5 1 0
github.com/ArubikU/polyloft-bvm/cmd/polyloft-bvm/main.go:215.4,215.25 1 0
github.com/ArubikU/polyloft-bvm/cmd/polyloft-bvm/main.go:216.11,217.46 1 0
github.com/ArubikU/polyloft-bvm/cmd/polyloft-bvm/main.go:220.2,221.19 2 0
github.com/ArubikU/polyloft-bvm/cmd/polyloft-bvm/main.go:221.19,223.17 2 0
github.com/ArubikU/polyloft-bvm/cmd/polyloft-bvm/main.go:223.17,225.4 1 0
github.com/ArubikU/polyloft-bvm/cmd/polyloft-bvm/main.go:226.3,226.24 1 0
github.com/ArubikU/polyloft-bvm/cmd/polyloft-bvm/main.go:227.8,228.28 1 0
github.com/ArubikU/polyloft-bvm/cmd/polyloft-bvm/main.go:228.28,230.4 1 0
github.com/ArubikU/polyloft-bvm/cmd/polyloft-bvm/main.go:231.3,231.26 1 0
github.com/ArubikU/polyloft-bvm/cmd/polyloft-bvm/main.go:233.2,233.37 1 0
github.com/ArubikU/polyloft-bvm/cmd/polyloft-bvm/main.go:233.37,235.3 1 0
github.com/ArubikU/polyloft-bvm/cmd/polyloft-bvm/main.go:236.2,236.44 1 0
github.com/ArubikU/polyloft-bvm/cmd/polyloft-bvm/main.go:239.52,241.38 2 0
github.com/ArubikU/polyloft-bvm/cmd/polyloft-bvm/main.go:241.38,243.17 2 0
github.com/ArubikU/polyloft-bvm/cmd/polyloft-bvm/main.go:243.17,245.4 1 0
github.com/ArubikU/polyloft-bvm/cmd/polyloft-bvm/main.go:246.3,246.46 1 0
github.com/ArubikU/polyloft-bvm/cmd/polyloft-bvm/main.go:247.8,247.44 1 0
github.com/ArubikU/polyloft-bvm/cmd/polyloft-bvm/main.go:247.44,249.17 2 0
github.com/ArubikU/polyloft-bvm/cmd/polyloft-bvm/main.go:249.17,251.4 1 0
github.com/ArubikU/polyloft-bvm/cmd/polyloft-bvm/main.go:252.3,252.46 1 0
github.com/ArubikU/polyloft-bvm/cmd/polyloft-bvm/main.go:253.8,255.17 2 0
github.com/ArubikU/polyloft-bvm/cmd/polyloft-bvm/main.go:255.17,257.4 1 0
github.com/ArubikU/polyloft-bvm/cmd/polyloft-bvm/main.go:258.3,258.46 1 0
github.com/ArubikU/polyloft-bvm/cmd/polyloft-bvm/main.go:260.2,260.19 1 0
github.com/ArubikU/polyloft-bvm/cmd/polyloft-bvm/main.go:260.19,263.3 2 0
github.com/ArubikU/polyloft-bvm/cmd/polyloft-bvm/main.go:264.2,264.58 1 0
github.com/ArubikU/polyloft-bvm/cmd/polyloft-bvm/main.go:267.55,269.16 2 0
github.com/ArubikU/polyloft-bvm/cmd/polyloft-bvm/main.go:269.16,271.3 1 0
github.com/ArubikU/polyloft-bvm/cmd/polyloft-bvm/main.go:272.2,273.16 2 0
github.com/ArubikU/polyloft-bvm/cmd/polyloft-bvm/main.go:273.16,275.3 1 0
github.com/ArubikU/polyloft-bvm/cmd/polyloft-bvm/main.go:276.2,277.26 2 0
github.com/ArubikU/polyloft-bvm/cmd/polyloft-bvm/main.go:277.26,279.3 1 0
github.com/ArubikU/polyloft-bvm/cmd/polyloft-bvm/main.go:280.2,280.56 1 0
github.com/ArubikU/polyloft-bvm/cmd/polyloft-bvm/main.go:283.72,284.19 1 0
github.com/ArubikU/polyloft-bvm/cmd/polyloft-bvm/main.go:284.19,286.3 1 0
github.com/ArubikU/polyloft-bvm/cmd/polyloft-bvm/main.go:287.2,288.16 2 0
github.com/ArubikU/polyloft-bvm/cmd/polyloft-bvm/main.go:288.16,290.3 1 0
github.com/ArubikU/polyloft-bvm/cmd/polyloft-bvm/main.go:291.2,291.26 1 0
github.com/ArubikU/polyloft-bvm/cmd/polyloft-bvm/main.go:291.26,292.65 1 0
github.com/ArubikU/polyloft-bvm/cmd/polyloft-bvm/main.go:292.65,294.4 1 0
github.com/ArubikU/polyloft-bvm/cmd/polyloft-bvm/main.go:295.3,295.31 1 0
github.com/ArubikU/polyloft-bvm/cmd/polyloft-bvm/main.go:297.2,297.39 1 0
github.com/ArubikU/polyloft-bvm/cmd/polyloft-bvm/main.go:297.39,299.3 1 0
github.com/ArubikU/polyloft-bvm/cmd/polyloft-bvm/main.go:300.2,300.31 1 0
github.com/ArubikU/polyloft-bvm/cmd/polyloft-bvm/main.go:303.39,305.16 2 0
github.com/ArubikU/polyloft-bvm/cmd/polyloft-bvm/main.go:305.16,307.3 1 0
github.com/ArubikU/polyloft-bvm/cmd/polyloft-bvm/main.go:308.2,308.18 1 0
github.com/ArubikU/polyloft-bvm/cmd/polyloft-bvm/main.go:308.18,311.3 2 0
github.com/ArubikU/polyloft-bvm/cmd/polyloft-bvm/main.go:312.2,312.64 1 0
github.com/ArubikU/polyloft-bvm/cmd/polyloft-bvm/main.go:315.14,335.2 19 0
github.com/ArubikU/polyloft-bvm/cmd/polyloft-bvm/main.go:337.39,338.20 1 0
github.com/ArubikU/polyloft-bvm/cmd/polyloft-bvm/main.go:338.20,340.3 1 0
github.com/ArubikU/polyloft-bvm/cmd/polyloft-bvm/main.go:341.2,343.39 3 0
github.com/ArubikU/polyloft-bvm/cmd/polyloft-bvm/main.go:343.39,345.3 1 0
github.com/ArubikU/polyloft-bvm/cmd/polyloft-bvm/main.go:345.8,345.27 1 0
github.com/ArubikU/polyloft-bvm/cmd/polyloft-bvm/main.go:345.27,347.3 1 0
github.com/ArubikU/polyloft-bvm/cmd/polyloft-bvm/main.go:348.2,349.16 2 0
github.com/ArubikU/polyloft-bvm/cmd/polyloft-bvm/main.go:349.16,351.3 1 0
github.com/ArubikU/polyloft-bvm/cmd/polyloft-bvm/main.go:352.2,353.16 2 0
github.com/ArubikU/polyloft-bvm/cmd/polyloft-bvm/main.go:354.20,355.53 1 0
github.com/ArubikU/polyloft-bvm/cmd/polyloft-bvm/main.go:356.17,357.51 1 0
github.com/ArubikU/polyloft-bvm/cmd/polyloft-bvm/main.go:358.16,359.50 1 0
github.com/ArubikU/polyloft-bvm/cmd/polyloft-bvm/main.go:360.10,361.55 1 0
github.com/ArubikU/polyloft-bvm/cmd/polyloft-bvm/main.go:365.64,366.16 1 0
github.com/ArubikU/polyloft-bvm/cmd/polyloft-bvm/main.go:366.16,367.28 1 0
github.com/ArubikU/polyloft-bvm/cmd/polyloft-bvm/main.go:367.29,367.30 0 0
github.com/ArubikU/polyloft-bvm/cmd/polyloft-bvm/main.go:369.2,370.16 2 0
github.com/ArubikU/polyloft-bvm/cmd/polyloft-bvm/main.go:370.16,371.22 1 0
github.com/ArubikU/polyloft-bvm/cmd/polyloft-bvm/main.go:371.23,371.24 0 0
github.com/ArubikU/polyloft-bvm/cmd/polyloft-bvm/main.go:373.2,373.19 1 0
github.com/ArubikU/polyloft-bvm/cmd/polyloft-bvm/main.go:373.19,373.36 1 0
github.com/ArubikU/polyloft-bvm/cmd/polyloft-bvm/main.go:376.23,377.16 1 0
github.com/ArubikU/polyloft-bvm/cmd/polyloft-bvm/main.go:377.16,379.3 1 0
github.com/ArubikU/polyloft-bvm/cmd/polyloft-bvm/main.go:380.2,381.12 2 0
github.com/ArubikU/polyloft-bvm/benchmarks/runner.go:24.75,29.34 4 0
github.com/ArubikU/polyloft-bvm/benchmarks/runner.go:29.34,31.21 2 0
github.com/ArubikU/polyloft-bvm/benchmarks/runner.go:31.21,32.24 1 0
github.com/ArubikU/polyloft-bvm/benchmarks/runner.go:32.24,34.19 2 0
github.com/ArubikU/polyloft-bvm/benchmarks/runner.go:34.19,36.6 1 0
github.com/ArubikU/polyloft-bvm/benchmarks/runner.go:37.5,37.8 1 0
github.com/ArubikU/polyloft-bvm/benchmarks/runner.go:39.9,41.4 1 0
github.com/ArubikU/polyloft-bvm/benchmarks/runner.go:43.2,43.54 1 0
github.com/ArubikU/polyloft-bvm/benchmarks/runner.go:46.49,47.19 1 0
github.com/ArubikU/polyloft-bvm/benchmarks/runner.go:47.19,49.3 1 0
github.com/ArubikU/polyloft-bvm/benchmarks/runner.go:50.2,52.39 3 0
github.com/ArubikU/polyloft-bvm/benchmarks/runner.go:52.39,54.3 1 0
github.com/ArubikU/polyloft-bvm/benchmarks/runner.go:55.2,55.27 1 0
github.com/ArubikU/polyloft-bvm/benchmarks/runner.go:55.27,58.13 3 0
github.com/ArubikU/polyloft-bvm/benchmarks/runner.go:58.13,59.12 1 0
github.com/ArubikU/polyloft-bvm/benchmarks/runner.go:61.3,63.33 3 0
github.com/ArubikU/polyloft-bvm/benchmarks/runner.go:63.33,65.4 1 0
github.com/ArubikU/polyloft-bvm/benchmarks/runner.go:66.3,68.25 3 0
github.com/ArubikU/polyloft-bvm/benchmarks/runner.go:68.25,70.4 1 0
github.com/ArubikU/polyloft-bvm/benchmarks/runner.go:72.2,72.13 1 0
github.com/ArubikU/polyloft-bvm/benchmarks/runner.go:75.13,78.34 3 0
github.com/ArubikU/polyloft-bvm/benchmarks/runner.go:78.34,81.3 2 0
github.com/ArubikU/polyloft-bvm/benchmarks/runner.go:83.2,84.16 2 0
github.com/ArubikU/polyloft-bvm/benchmarks/runner.go:84.16,87.3 2 0
github.com/ArubikU/polyloft-bvm/benchmarks/runner.go:88.2,88.25 1 0
github.com/ArubikU/polyloft-bvm/benchmarks/runner.go:88.25,91.3 2 0
github.com/ArubikU/polyloft-bvm/benchmarks/runner.go:93.2,103.35 8 0
github.com/ArubikU/polyloft-bvm/benchmarks/runner.go:103.35,116.62 11 0
github.com/ArubikU/polyloft-bvm/benchmarks/runner.go:116.62,118.4 1 0
github.com/ArubikU/polyloft-bvm/benchmarks/runner.go:119.3,130.19 10 0
github.com/ArubikU/polyloft-bvm/benchmarks/runner.go:130.19,132.4 1 0
github.com/ArubikU/polyloft-bvm/benchmarks/runner.go:133.3,133.19 1 0
github.com/ArubikU/polyloft-bvm/benchmarks/runner.go:133.19,135.4 1 0
github.com/ArubikU/polyloft-bvm/benchmarks/runner.go:137.3,137.76 1 0
github.com/ArubikU/polyloft-bvm/benchmarks/runner.go:137.76,142.4 4 0
github.com/ArubikU/polyloft-bvm/benchmarks/runner.go:142.9,146.4 3 0
github.com/ArubikU/polyloft-bvm/benchmarks/runner.go:148.3,149.17 2 0
github.com/ArubikU/polyloft-bvm/benchmarks/runner.go:149.17,151.4 1 0
github.com/ArubikU/polyloft-bvm/benchmarks/runner.go:153.3,159.5 1 0
github.com/ArubikU/polyloft-bvm/benchmarks/runner.go:162.2,164.16 3 0
github.com/ArubikU/polyloft-bvm/benchmarks/runner.go:164.16,166.3 1 0
github.com/ArubikU/polyloft-bvm/benchmarks/runner.go:166.8,168.3 1 0
github.com/ArubikU/polyloft-bvm/benchmarks/runner.go:171.100,173.17 2 0
github.com/ArubikU/polyloft-bvm/benchmarks/runner.go:173.17,175.3 1 0
github.com/ArubikU/polyloft-bvm/benchmarks/runner.go:177.2,188.28 10 0
github.com/ArubikU/polyloft-bvm/benchmarks/runner.go:188.28,190.15 2 0
github.com/ArubikU/polyloft-bvm/benchmarks/runner.go:190.15,192.4 1 0
github.com/ArubikU/polyloft-bvm/benchmarks/runner.go:193.3,194.61 1 0
github.com/ArubikU/polyloft-bvm/benchmarks/runner.go:197.2,197.15 1 0
github.com/ArubikU/polyloft-bvm/internal/bytecode/chunk.go:53.24,55.2 1 0
github.com/ArubikU/polyloft-bvm/internal/bytecode/chunk.go:60.56,63.38 2 0
github.com/ArubikU/polyloft-bvm/internal/bytecode/chunk.go:63.38,65.3 1 0
github.com/ArubikU/polyloft-bvm/internal/bytecode/chunk.go:66.2,67.55 2 0
github.com/ArubikU/polyloft-bvm/internal/bytecode/chunk.go:67.55,69.3 1 0
github.com/ArubikU/polyloft-bvm/internal/bytecode/chunk.go:70.2,71.16 2 0
github.com/ArubikU/polyloft-bvm/internal/bytecode/chunk.go:71.16,73.3 1 0
github.com/ArubikU/polyloft-bvm/internal/bytecode/chunk.go:74.2,74.20 1 0
github.com/ArubikU/polyloft-bvm/internal/bytecode/chunk.go:74.20,76.3 1 0
github.com/ArubikU/polyloft-bvm/internal/bytecode/chunk.go:77.2,77.22 1 0
github.com/ArubikU/polyloft-bvm/internal/bytecode/chunk.go:83.31,84.14 1 0
github.com/ArubikU/polyloft-bvm/internal/bytecode/chunk.go:84.14,86.3 1 0
github.com/ArubikU/polyloft-bvm/internal/bytecode/chunk.go:88.2,89.32 2 0
github.com/ArubikU/polyloft-bvm/internal/bytecode/chunk.go:89.32,91.39 2 0
github.com/ArubikU/polyloft-bvm/internal/bytecode/chunk.go:91.39,93.98 1 0
github.com/ArubikU/polyloft-bvm/internal/bytecode/chunk.go:93.98,94.38 1 0
github.com/ArubikU/polyloft-bvm/internal/bytecode/chunk.go:94.38,96.6 1 0
github.com/ArubikU/polyloft-bvm/internal/bytecode/chunk.go:97.5,97.13 1 0
github.com/ArubikU/polyloft-bvm/internal/bytecode/chunk.go:100.4,100.95 1 0
github.com/ArubikU/polyloft-bvm/internal/bytecode/chunk.go:100.95,101.41 1 0
github.com/ArubikU/polyloft-bvm/internal/bytecode/chunk.go:101.41,104.6 2 0
github.com/ArubikU/polyloft-bvm/internal/bytecode/chunk.go:105.5,105.13 1 0
github.com/ArubikU/polyloft-bvm/internal/bytecode/chunk.go:108.4,108.63 1 0
github.com/ArubikU/polyloft-bvm/internal/bytecode/chunk.go:108.63,113.5 4 0
github.com/ArubikU/polyloft-bvm/internal/bytecode/chunk.go:117.2,118.18 2 0
github.com/ArubikU/polyloft-bvm/internal/bytecode/chunk.go:119.36,120.32 1 0
github.com/ArubikU/polyloft-bvm/internal/bytecode/chunk.go:120.32,124.4 3 0
github.com/ArubikU/polyloft-bvm/internal/bytecode/chunk.go:125.3,125.23 1 0
github.com/ArubikU/polyloft-bvm/internal/bytecode/chunk.go:126.19,127.46 1 0
github.com/ArubikU/polyloft-bvm/internal/bytecode/chunk.go:127.46,128.36 1 0
github.com/ArubikU/polyloft-bvm/internal/bytecode/chunk.go:128.36,131.5 2 0
github.com/ArubikU/polyloft-bvm/internal/bytecode/chunk.go:133.3,133.23 1 0
github.com/ArubikU/polyloft-bvm/internal/bytecode/chunk.go:134.10,135.11 1 0
github.com/ArubikU/polyloft-bvm/internal/bytecode/chunk.go:140.51,143.54 3 0
github.com/ArubikU/polyloft-bvm/internal/bytecode/chunk.go:143.54,145.3 1 0
github.com/ArubikU/polyloft-bvm/internal/bytecode/chunk.go:146.2,146.17 1 0
github.com/ArubikU/polyloft-bvm/internal/bytecode/chunk.go:152.25,160.2 4 0
github.com/ArubikU/polyloft-bvm/internal/bytecode/chunk.go:162.46,164.2 1 0
github.com/ArubikU/polyloft-bvm/internal/bytecode/chunk.go:166.48,170.2 3 0
github.com/ArubikU/polyloft-bvm/internal/bytecode/chunk.go:172.53,175.2 2 0
github.com/ArubikU/polyloft-bvm/internal/bytecode/chunk.go:177.43,180.2 2 0
github.com/ArubikU/polyloft-bvm/internal/bytecode/chunk.go:182.51,185.2 2 0
github.com/ArubikU/polyloft-bvm/internal/bytecode/chunk.go:187.49,190.41 3 0
github.com/ArubikU/polyloft-bvm/internal/bytecode/chunk.go:190.41,194.13 4 0
github.com/ArubikU/polyloft-bvm/internal/bytecode/chunk.go:195.102,198.15 3 0
github.com/ArubikU/polyloft-bvm/internal/bytecode/chunk.go:199.24,203.15 4 0
github.com/ArubikU/polyloft-bvm/internal/bytecode/chunk.go:204.31,207.15 3 0
github.com/ArubikU/polyloft-bvm/internal/bytecode/chunk.go:208.234,210.15 2 0
github.com/ArubikU/polyloft-bvm/internal/bytecode/chunk.go:211.25,213.15 2 0
github.com/ArubikU/polyloft-bvm/internal/bytecode/chunk.go:214.31,216.15 2 0
github.com/ArubikU/polyloft-bvm/internal/bytecode/chunk.go:217.27,219.15 2 0
github.com/ArubikU/polyloft-bvm/internal/bytecode/chunk.go:220.28,222.15 2 0
github.com/ArubikU/polyloft-bvm/internal/bytecode/chunk.go:223.20,226.15 3 0
github.com/ArubikU/polyloft-bvm/internal/bytecode/chunk.go:227.27,230.15 3 0
github.com/ArubikU/polyloft-bvm/internal/bytecode/chunk.go:231.31,235.15 4 0
github.com/ArubikU/polyloft-bvm/internal/bytecode/chunk.go:236.30,239.15 3 0
github.com/ArubikU/polyloft-bvm/internal/bytecode/chunk.go:240.19,242.15 2 0
github.com/ArubikU/polyloft-bvm/internal/bytecode/chunk.go:243.24,245.15 2 0
github.com/ArubikU/polyloft-bvm/internal/bytecode/chunk.go:246.24,248.15 2 0
github.com/ArubikU/polyloft-bvm/internal/bytecode/chunk.go:249.83,252.15 3 0
github.com/ArubikU/polyloft-bvm/internal/bytecode/chunk.go:253.17,256.15 3 0
github.com/ArubikU/polyloft-bvm/internal/bytecode/chunk.go:257.22,260.15 3 0
github.com/ArubikU/polyloft-bvm/internal/bytecode/chunk.go:261.23,263.15 2 0
github.com/ArubikU/polyloft-bvm/internal/bytecode/chunk.go:264.53,267.15 3 0
github.com/ArubikU/polyloft-bvm/internal/bytecode/chunk.go:268.270,269.12 1 0
github.com/ArubikU/polyloft-bvm/internal/bytecode/chunk.go:270.19,272.15 2 0
github.com/ArubikU/polyloft-bvm/internal/bytecode/chunk.go:273.128,274.12 1 0
github.com/ArubikU/polyloft-bvm/internal/bytecode/chunk.go:275.11,276.12 1 0
github.com/ArubikU/polyloft-bvm/internal/bytecode/chunk.go:278.3,278.22 1 0
github.com/ArubikU/polyloft-bvm/internal/bytecode/chunk.go:280.2,280.21 1 0
github.com/ArubikU/polyloft-bvm/internal/bytecode/chunk.go:283.37,285.2 1 0
github.com/ArubikU/polyloft-bvm/internal/bytecode/opcode.go:101.30,102.12 1 0
github.com/ArubikU/polyloft-bvm/internal/bytecode/opcode.go:103.18,104.20 1 0
github.com/ArubikU/polyloft-bvm/internal/bytecode/opcode.go:105.13,106.15 1 0
github.com/ArubikU/polyloft-bvm/internal/bytecode/opcode.go:107.14,108.16 1 0
github.com/ArubikU/polyloft-bvm/internal/bytecode/opcode.go:109.15,110.17 1 0
github.com/ArubikU/polyloft-bvm/internal/bytecode/opcode.go:111.13,112.15 1 0
github.com/ArubikU/polyloft-bvm/internal/bytecode/opcode.go:113.13,114.15 1 0
github.com/ArubikU/polyloft-bvm/internal/bytecode/opcode.go:115.16,116.19 1 0
github.com/ArubikU/polyloft-bvm/internal/bytecode/opcode.go:117.18,118.21 1 0
github.com/ArubikU/polyloft-bvm/internal/bytecode/opcode.go:119.18,120.21 1 0
github.com/ArubikU/polyloft-bvm/internal/bytecode/opcode.go:121.20,122.23 1 0
github.com/ArubikU/polyloft-bvm/internal/bytecode/opcode.go:123.20,124.23 1 0
github.com/ArubikU/polyloft-bvm/internal/bytecode/opcode.go:125.22,126.25 1 0
github.com/ArubikU/polyloft-bvm/internal/bytecode/opcode.go:127.19,128.22 1 0
github.com/ArubikU/polyloft-bvm/internal/bytecode/opcode.go:129.19,130.22 1 0
github.com/ArubikU/polyloft-bvm/internal/bytecode/opcode.go:131.26,132.30 1 0
github.com/ArubikU/polyloft-bvm/internal/bytecode/opcode.go:133.23,134.27 1 0
github.com/ArubikU/polyloft-bvm/internal/bytecode/opcode.go:135.23,136.27 1 0
github.com/ArubikU/polyloft-bvm/internal/bytecode/opcode.go:137.15,138.17 1 0
github.com/ArubikU/polyloft-bvm/internal/bytecode/opcode.go:139.17,140.19 1 0
github.com/ArubikU/polyloft-bvm/internal/bytecode/opcode.go:141.14,142.16 1 0
github.com/ArubikU/polyloft-bvm/internal/bytecode/opcode.go:143.13,144.15 1 0
github.com/ArubikU/polyloft-bvm/internal/bytecode/opcode.go:145.13,146.15 1 0
github.com/ArubikU/polyloft-bvm/internal/bytecode/opcode.go:147.13,148.15 1 0
github.com/ArubikU/polyloft-bvm/internal/bytecode/opcode.go:149.13,150.15 1 0
github.com/ArubikU/polyloft-bvm/internal/bytecode/opcode.go:151.13,152.15 1 0
github.com/ArubikU/polyloft-bvm/internal/bytecode/opcode.go:153.13,154.15 1 0
github.com/ArubikU/polyloft-bvm/internal/bytecode/opcode.go:155.13,156.15 1 0
github.com/ArubikU/polyloft-bvm/internal/bytecode/opcode.go:157.16,158.18 1 0
github.com/ArubikU/polyloft-bvm/internal/bytecode/opcode.go:159.21,160.24 1 0
github.com/ArubikU/polyloft-bvm/internal/bytecode/opcode.go:161.20,162.23 1 0
github.com/ArubikU/polyloft-bvm/internal/bytecode/opcode.go:163.15,164.17 1 0
github.com/ArubikU/polyloft-bvm/internal/bytecode/opcode.go:165.14,166.16 1 0
github.com/ArubikU/polyloft-bvm/internal/bytecode/opcode.go:167.21,168.25 1 0
github.com/ArubikU/polyloft-bvm/internal/bytecode/opcode.go:169.14,170.16 1 0
github.com/ArubikU/polyloft-bvm/internal/bytecode/opcode.go:171.16,172.19 1 0
github.com/ArubikU/polyloft-bvm/internal/bytecode/opcode.go:173.16,174.19 1 0
github.com/ArubikU/polyloft-bvm/internal/bytecode/opcode.go:175.16,176.19 1 0
github.com/ArubikU/polyloft-bvm/internal/bytecode/opcode.go:177.16,178.19 1 0
github.com/ArubikU/polyloft-bvm/internal/bytecode/opcode.go:179.16,180.19 1 0
github.com/ArubikU/polyloft-bvm/internal/bytecode/opcode.go:181.16,182.19 1 0
github.com/ArubikU/polyloft-bvm/internal/bytecode/opcode.go:183.17,184.20 1 0
github.com/ArubikU/polyloft-bvm/internal/bytecode/opcode.go:185.20,186.23 1 0
github.com/ArubikU/polyloft-bvm/internal/bytecode/opcode.go:187.30,188.36 1 0
github.com/ArubikU/polyloft-bvm/internal/bytecode/opcode.go:189.26,190.31 1 0
github.com/ArubikU/polyloft-bvm/internal/bytecode/opcode.go:191.27,192.31 1 0
github.com/ArubikU/polyloft-bvm/internal/bytecode/opcode.go:193.17,194.19 1 0
github.com/ArubikU/polyloft-bvm/internal/bytecode/opcode.go:195.14,196.16 1 0
github.com/ArubikU/polyloft-bvm/internal/bytecode/opcode.go:197.19,198.22 1 0
github.com/ArubikU/polyloft-bvm/internal/bytecode/opcode.go:199.26,200.31 1 0
github.com/ArubikU/polyloft-bvm/internal/bytecode/opcode.go:201.30,202.36 1 0
github.com/ArubikU/polyloft-bvm/internal/bytecode/opcode.go:203.29,204.35 1 0
github.com/ArubikU/polyloft-bvm/internal/bytecode/opcode.go:205.24,206.28 1 0
github.com/ArubikU/polyloft-bvm/internal/bytecode/opcode.go:207.16,208.18 1 0
github.com/ArubikU/polyloft-bvm/internal/bytecode/opcode.go:209.22,210.25 1 0
github.com/ArubikU/polyloft-bvm/internal/bytecode/opcode.go:211.19,212.22 1 0
github.com/ArubikU/polyloft-bvm/internal/bytecode/opcode.go:213.21,214.24 1 0
github.com/ArubikU/polyloft-bvm/internal/bytecode/opcode.go:215.15,216.17 1 0
github.com/ArubikU/polyloft-bvm/internal/bytecode/opcode.go:217.23,218.27 1 0
github.com/ArubikU/polyloft-bvm/internal/bytecode/opcode.go:219.23,220.27 1 0
github.com/ArubikU/polyloft-bvm/internal/bytecode/opcode.go:221.43,222.44 1 0
github.com/ArubikU/polyloft-bvm/internal/bytecode/opcode.go:223.45,224.51 1 0
github.com/ArubikU/polyloft-bvm/internal/bytecode/opcode.go:225.18,226.21 1 0
github.com/ArubikU/polyloft-bvm/internal/bytecode/opcode.go:227.18,228.21 1 0
github.com/ArubikU/polyloft-bvm/internal/bytecode/opcode.go:229.18,230.21 1 0
github.com/ArubikU/polyloft-bvm/internal/bytecode/opcode.go:231.18,232.21 1 0
github.com/ArubikU/polyloft-bvm/internal/bytecode/opcode.go:233.22,234.26 1 0
github.com/ArubikU/polyloft-bvm/internal/bytecode/opcode.go:235.22,236.26 1 0
github.com/ArubikU/polyloft-bvm/internal/bytecode/opcode.go:237.21,238.24 1 0
github.com/ArubikU/polyloft-bvm/internal/bytecode/opcode.go:239.21,240.24 1 0
github.com/ArubikU/polyloft-bvm/internal/bytecode/opcode.go:241.15,242.17 1 0
github.com/ArubikU/polyloft-bvm/internal/bytecode/opcode.go:243.13,244.15 1 0
github.com/ArubikU/polyloft-bvm/internal/bytecode/opcode.go:245.18,246.21 1 0
github.com/ArubikU/polyloft-bvm/internal/bytecode/opcode.go:247.23,248.27 1 0
github.com/ArubikU/polyloft-bvm/internal/bytecode/opcode.go:249.21,250.25 1 0
github.com/ArubikU/polyloft-bvm/internal/bytecode/opcode.go:251.18,252.20 1 0
github.com/ArubikU/polyloft-bvm/internal/bytecode/opcode.go:253.23,254.26 1 0
github.com/ArubikU/polyloft-bvm/internal/bytecode/opcode.go:255.21,256.24 1 0
github.com/ArubikU/polyloft-bvm/internal/bytecode/opcode.go:257.24,258.27 1 0
github.com/ArubikU/polyloft-bvm/internal/bytecode/opcode.go:259.18,260.21 1 0
github.com/ArubikU/polyloft-bvm/internal/bytecode/opcode.go:261.23,262.27 1 0
github.com/ArubikU/polyloft-bvm/internal/bytecode/opcode.go:263.21,264.25 1 0
github.com/ArubikU/polyloft-bvm/internal/bytecode/opcode.go:265.15,266.17 1 0
github.com/ArubikU/polyloft-bvm/internal/bytecode/opcode.go:267.17,268.20 1 0
github.com/ArubikU/polyloft-bvm/internal/bytecode/opcode.go:269.19,270.22 1 0
github.com/ArubikU/polyloft-bvm/internal/bytecode/opcode.go:271.17,272.20 1 0
github.com/ArubikU/polyloft-bvm/internal/bytecode/opcode.go:273.19,274.22 1 0
github.com/ArubikU/polyloft-bvm/internal/bytecode/opcode.go:275.23,276.26 1 0
github.com/ArubikU/polyloft-bvm/internal/bytecode/opcode.go:277.15,278.17 1 0
github.com/ArubikU/polyloft-bvm/internal/bytecode/opcode.go:279.16,280.18 1 0
github.com/ArubikU/polyloft-bvm/internal/bytecode/opcode.go:281.16,282.18 1 0
github.com/ArubikU/polyloft-bvm/internal/bytecode/opcode.go:283.14,284.16 1 0
github.com/ArubikU/polyloft-bvm/internal/bytecode/opcode.go:285.17,286.20 1 0
github.com/ArubikU/polyloft-bvm/internal/bytecode/opcode.go:287.16,288.18 1 0
github.com/ArubikU/polyloft-bvm/internal/bytecode/opcode.go:289.10,290.19 1 0
github.com/ArubikU/polyloft-bvm/internal/bytecode/serialize.go:16.47,18.77 2 0
github.com/ArubikU/polyloft-bvm/internal/bytecode/serialize.go:18.77,20.3 1 0
github.com/ArubikU/polyloft-bvm/internal/bytecode/serialize.go:21.2,22.12 2 0
github.com/ArubikU/polyloft-bvm/internal/bytecode/serialize.go:25.46,27.69 2 0
github.com/ArubikU/polyloft-bvm/internal/bytecode/serialize.go:27.69,29.3 1 0
github.com/ArubikU/polyloft-bvm/internal/bytecode/serialize.go:30.2,31.45 2 0
github.com/ArubikU/polyloft-bvm/internal/bytecode/serialize.go:31.45,33.3 1 0
github.com/ArubikU/polyloft-bvm/internal/bytecode/serialize.go:34.2,34.23 1 0
github.com/ArubikU/polyloft-bvm/internal/bytecode/serialize.go:37.54,38.77 1 0
github.com/ArubikU/polyloft-bvm/internal/bytecode/serialize.go:38.77,40.3 1 0
github.com/ArubikU/polyloft-bvm/internal/bytecode/serialize.go:41.2,41.24 1 0
github.com/ArubikU/polyloft-bvm/internal/bytecode/serialize.go:41.24,42.45 1 0
github.com/ArubikU/polyloft-bvm/internal/bytecode/serialize.go:42.45,44.4 1 0
github.com/ArubikU/polyloft-bvm/internal/bytecode/serialize.go:46.2,46.12 1 0
github.com/ArubikU/polyloft-bvm/internal/bytecode/serialize.go:49.53,51.69 2 0
github.com/ArubikU/polyloft-bvm/internal/bytecode/serialize.go:51.69,53.3 1 0
github.com/ArubikU/polyloft-bvm/internal/bytecode/serialize.go:54.2,55.38 2 0
github.com/ArubikU/polyloft-bvm/internal/bytecode/serialize.go:55.38,57.17 2 0
github.com/ArubikU/polyloft-bvm/internal/bytecode/serialize.go:57.17,59.4 1 0
github.com/ArubikU/polyloft-bvm/internal/bytecode/serialize.go:60.3,60.13 1 0
github.com/ArubikU/polyloft-bvm/internal/bytecode/serialize.go:62.2,62.15 1 0
github.com/ArubikU/polyloft-bvm/internal/bytecode/serialize.go:65.72,66.47 1 0
github.com/ArubikU/polyloft-bvm/internal/bytecode/serialize.go:66.47,68.3 1 0
github.com/ArubikU/polyloft-bvm/internal/bytecode/serialize.go:69.2,69.77 1 0
github.com/ArubikU/polyloft-bvm/internal/bytecode/serialize.go:69.77,71.3 1 0
github.com/ArubikU/polyloft-bvm/internal/bytecode/serialize.go:72.2,72.58 1 0
github.com/ArubikU/polyloft-bvm/internal/bytecode/serialize.go:72.58,74.3 1 0
github.com/ArubikU/polyloft-bvm/internal/bytecode/serialize.go:75.2,75.57 1 0
github.com/ArubikU/polyloft-bvm/internal/bytecode/serialize.go:75.57,77.3 1 0
github.com/ArubikU/polyloft-bvm/internal/bytecode/serialize.go:80.2,80.86 1 0
github.com/ArubikU/polyloft-bvm/internal/bytecode/serialize.go:80.86,82.3 1 0
github.com/ArubikU/polyloft-bvm/internal/bytecode/serialize.go:83.2,83.32 1 0
github.com/ArubikU/polyloft-bvm/internal/bytecode/serialize.go:83.32,84.72 1 0
github.com/ArubikU/polyloft-bvm/internal/bytecode/serialize.go:84.72,86.4 1 0
github.com/ArubikU/polyloft-bvm/internal/bytecode/serialize.go:87.3,87.17 1 0
github.com/ArubikU/polyloft-bvm/internal/bytecode/serialize.go:87.17,88.72 1 0
github.com/ArubikU/polyloft-bvm/internal/bytecode/serialize.go:88.72,90.5 1 0
github.com/ArubikU/polyloft-bvm/internal/bytecode/serialize.go:91.9,92.72 1 0
github.com/ArubikU/polyloft-bvm/internal/bytecode/serialize.go:92.72,94.5 1 0
github.com/ArubikU/polyloft-bvm/internal/bytecode/serialize.go:98.2,98.53 1 0
github.com/ArubikU/polyloft-bvm/internal/bytecode/serialize.go:98.53,100.3 1 0
github.com/ArubikU/polyloft-bvm/internal/bytecode/serialize.go:101.2,101.81 1 0
github.com/ArubikU/polyloft-bvm/internal/bytecode/serialize.go:101.81,103.3 1 0
github.com/ArubikU/polyloft-bvm/internal/bytecode/serialize.go:104.2,104.87 1 0
github.com/ArubikU/polyloft-bvm/internal/bytecode/serialize.go:104.87,106.3 1 0
github.com/ArubikU/polyloft-bvm/internal/bytecode/serialize.go:107.2,107.63 1 0
github.com/ArubikU/polyloft-bvm/internal/bytecode/serialize.go:107.63,109.3 1 0
github.com/ArubikU/polyloft-bvm/internal/bytecode/serialize.go:112.2,112.88 1 0
github.com/ArubikU/polyloft-bvm/internal/bytecode/serialize.go:112.88,114.3 1 0
github.com/ArubikU/polyloft-bvm/internal/bytecode/serialize.go:115.2,115.33 1 0
github.com/ArubikU/polyloft-bvm/internal/bytecode/serialize.go:115.33,116.43 1 0
github.com/ArubikU/polyloft-bvm/internal/bytecode/serialize.go:116.43,118.4 1 0
github.com/ArubikU/polyloft-bvm/internal/bytecode/serialize.go:119.3,119.48 1 0
github.com/ArubikU/polyloft-bvm/internal/bytecode/serialize.go:119.48,121.4 1 0
github.com/ArubikU/polyloft-bvm/internal/bytecode/serialize.go:122.3,122.60 1 0
github.com/ArubikU/polyloft-bvm/internal/bytecode/serialize.go:122.60,124.4 1 0
github.com/ArubikU/polyloft-bvm/internal/bytecode/serialize.go:125.3,125.86 1 0
github.com/ArubikU/polyloft-bvm/internal/bytecode/serialize.go:125.86,127.4 1 0
github.com/ArubikU/polyloft-bvm/internal/bytecode/serialize.go:128.3,128.33 1 0
github.com/ArubikU/polyloft-bvm/internal/bytecode/serialize.go:128.33,129.45 1 0
github.com/ArubikU/polyloft-bvm/internal/bytecode/serialize.go:129.45,131.5 1 0
github.com/ArubikU/polyloft-bvm/internal/bytecode/serialize.go:132.4,132.50 1 0
github.com/ArubikU/polyloft-bvm/internal/bytecode/serialize.go:132.50,134.5 1 0
github.com/ArubikU/polyloft-bvm/internal/bytecode/serialize.go:135.4,135.57 1 0
github.com/ArubikU/polyloft-bvm/internal/bytecode/serialize.go:135.57,137.5 1 0
github.com/ArubikU/polyloft-bvm/internal/bytecode/serialize.go:138.4,138.52 1 0
github.com/ArubikU/polyloft-bvm/internal/bytecode/serialize.go:138.52,140.5 1 0
github.com/ArubikU/polyloft-bvm/internal/bytecode/serialize.go:145.2,145.20 1 0
github.com/ArubikU/polyloft-bvm/internal/bytecode/serialize.go:145.20,146.71 1 0
github.com/ArubikU/polyloft-bvm/internal/bytecode/serialize.go:146.71,148.4 1 0
github.com/ArubikU/polyloft-bvm/internal/bytecode/serialize.go:149.8,150.71 1 0
github.com/ArubikU/polyloft-bvm/internal/bytecode/serialize.go:150.71,152.4 1 0
github.com/ArubikU/polyloft-bvm/internal/bytecode/serialize.go:153.3,153.89 1 0
github.com/ArubikU/polyloft-bvm/internal/bytecode/serialize.go:153.89,155.4 1 0
github.com/ArubikU/polyloft-bvm/internal/bytecode/serialize.go:156.3,156.50 1 0
github.com/ArubikU/polyloft-bvm/internal/bytecode/serialize.go:156.50,158.4 1 0
github.com/ArubikU/polyloft-bvm/internal/bytecode/serialize.go:160.3,160.90 1 0
github.com/ArubikU/polyloft-bvm/internal/bytecode/serialize.go:160.90,162.4 1 0
github.com/ArubikU/polyloft-bvm/internal/bytecode/serialize.go:163.3,163.35 1 0
github.com/ArubikU/polyloft-bvm/internal/bytecode/serialize.go:163.35,164.73 1 0
github.com/ArubikU/polyloft-bvm/internal/bytecode/serialize.go:164.73,166.5 1 0
github.com/ArubikU/polyloft-bvm/internal/bytecode/serialize.go:169.3,169.94 1 0
github.com/ArubikU/polyloft-bvm/internal/bytecode/serialize.go:169.94,171.4 1 0
github.com/ArubikU/polyloft-bvm/internal/bytecode/serialize.go:172.3,172.39 1 0
github.com/ArubikU/polyloft-bvm/internal/bytecode/serialize.go:172.39,173.51 1 0
github.com/ArubikU/polyloft-bvm/internal/bytecode/serialize.go:173.51,175.5 1 0
github.com/ArubikU/polyloft-bvm/internal/bytecode/serialize.go:178.2,178.12 1 0
github.com/ArubikU/polyloft-bvm/internal/bytecode/serialize.go:181.78,185.45 3 0
github.com/ArubikU/polyloft-bvm/internal/bytecode/serialize.go:185.45,187.3 1 0
github.com/ArubikU/polyloft-bvm/internal/bytecode/serialize.go:189.2,190.68 2 0
github.com/ArubikU/polyloft-bvm/internal/bytecode/serialize.go:190.68,192.3 1 0
github.com/ArubikU/polyloft-bvm/internal/bytecode/serialize.go:193.2,195.56 2 0
github.com/ArubikU/polyloft-bvm/internal/bytecode/serialize.go:195.56,197.3 1 0
github.com/ArubikU/polyloft-bvm/internal/bytecode/serialize.go:198.2,198.55 1 0
github.com/ArubikU/polyloft-bvm/internal/bytecode/serialize.go:198.55,200.3 1 0
github.com/ArubikU/polyloft-bvm/internal/bytecode/serialize.go:202.2,203.69 2 0
github.com/ArubikU/polyloft-bvm/internal/bytecode/serialize.go:203.69,205.3 1 0
github.com/ArubikU/polyloft-bvm/internal/bytecode/serialize.go:206.2,207.38 2 0
github.com/ArubikU/polyloft-bvm/internal/bytecode/serialize.go:207.38,209.69 2 0
github.com/ArubikU/polyloft-bvm/internal/bytecode/serialize.go:209.69,211.4 1 0
github.com/ArubikU/polyloft-bvm/internal/bytecode/serialize.go:212.3,213.75 2 0
github.com/ArubikU/polyloft-bvm/internal/bytecode/serialize.go:213.75,215.4 1 0
github.com/ArubikU/polyloft-bvm/internal/bytecode/serialize.go:216.3,216.71 1 0
github.com/ArubikU/polyloft-bvm/internal/bytecode/serialize.go:219.2,219.51 1 0
github.com/ArubikU/polyloft-bvm/internal/bytecode/serialize.go:219.51,221.3 1 0
github.com/ArubikU/polyloft-bvm/internal/bytecode/serialize.go:223.2,224.72 2 0
github.com/ArubikU/polyloft-bvm/internal/bytecode/serialize.go:224.72,226.3 1 0
github.com/ArubikU/polyloft-bvm/internal/bytecode/serialize.go:227.2,230.69 3 0
github.com/ArubikU/polyloft-bvm/internal/bytecode/serialize.go:230.69,232.3 1 0
github.com/ArubikU/polyloft-bvm/internal/bytecode/serialize.go:233.2,235.61 2 0
github.com/ArubikU/polyloft-bvm/internal/bytecode/serialize.go:235.61,237.3 1 0
github.com/ArubikU/polyloft-bvm/internal/bytecode/serialize.go:239.2,240.71 2 0
github.com/ArubikU/polyloft-bvm/internal/bytecode/serialize.go:240.71,242.3 1 0
github.com/ArubikU/polyloft-bvm/internal/bytecode/serialize.go:243.2,244.40 2 0
github.com/ArubikU/polyloft-bvm/internal/bytecode/serialize.go:244.40,246.17 2 0
github.com/ArubikU/polyloft-bvm/internal/bytecode/serialize.go:246.17,248.4 1 0
github.com/ArubikU/polyloft-bvm/internal/bytecode/serialize.go:250.3,251.49 2 0
github.com/ArubikU/polyloft-bvm/internal/bytecode/serialize.go:251.49,253.4 1 0
github.com/ArubikU/polyloft-bvm/internal/bytecode/serialize.go:254.3,254.61 1 0
github.com/ArubikU/polyloft-bvm/internal/bytecode/serialize.go:254.61,256.4 1 0
github.com/ArubikU/polyloft-bvm/internal/bytecode/serialize.go:258.3,259.68 2 0
github.com/ArubikU/polyloft-bvm/internal/bytecode/serialize.go:259.68,261.4 1 0
github.com/ArubikU/polyloft-bvm/internal/bytecode/serialize.go:262.3,263.37 2 0
github.com/ArubikU/polyloft-bvm/internal/bytecode/serialize.go:263.37,265.18 2 0
github.com/ArubikU/polyloft-bvm/internal/bytecode/serialize.go:265.18,267.5 1 0
github.com/ArubikU/polyloft-bvm/internal/bytecode/serialize.go:268.4,269.48 2 0
github.com/ArubikU/polyloft-bvm/internal/bytecode/serialize.go:269.48,271.5 1 0
github.com/ArubikU/polyloft-bvm/internal/bytecode/serialize.go:272.4,272.55 1 0
github.com/ArubikU/polyloft-bvm/internal/bytecode/serialize.go:272.55,274.5 1 0
github.com/ArubikU/polyloft-bvm/internal/bytecode/serialize.go:275.4,275.50 1 0
github.com/ArubikU/polyloft-bvm/internal/bytecode/serialize.go:275.50,277.5 1 0
github.com/ArubikU/polyloft-bvm/internal/bytecode/serialize.go:278.4,278.25 1 0
github.com/ArubikU/polyloft-bvm/internal/bytecode/serialize.go:280.3,280.25 1 0
github.com/ArubikU/polyloft-bvm/internal/bytecode/serialize.go:283.2,284.71 2 0
github.com/ArubikU/polyloft-bvm/internal/bytecode/serialize.go:284.71,286.3 1 0
github.com/ArubikU/polyloft-bvm/internal/bytecode/serialize.go:287.2,287.19 1 0
github.com/ArubikU/polyloft-bvm/internal/bytecode/serialize.go:287.19,290.71 3 0
github.com/ArubikU/polyloft-bvm/internal/bytecode/serialize.go:290.71,292.4 1 0
github.com/ArubikU/polyloft-bvm/internal/bytecode/serialize.go:293.3,294.57 2 0
github.com/ArubikU/polyloft-bvm/internal/bytecode/serialize.go:294.57,296.4 1 0
github.com/ArubikU/polyloft-bvm/internal/bytecode/serialize.go:298.3,299.72 2 0
github.com/ArubikU/polyloft-bvm/internal/bytecode/serialize.go:299.72,301.4 1 0
github.com/ArubikU/polyloft-bvm/internal/bytecode/serialize.go:302.3,303.41 2 0
github.com/ArubikU/polyloft-bvm/internal/bytecode/serialize.go:303.41,305.67 2 0
github.com/ArubikU/polyloft-bvm/internal/bytecode/serialize.go:305.67,307.5 1 0
github.com/ArubikU/polyloft-bvm/internal/bytecode/serialize.go:308.4,308.30 1 0
github.com/ArubikU/polyloft-bvm/internal/bytecode/serialize.go:311.3,312.71 2 0
github.com/ArubikU/polyloft-bvm/internal/bytecode/serialize.go:312.71,314.4 1 0
github.com/ArubikU/polyloft-bvm/internal/bytecode/serialize.go:315.3,316.40 2 0
github.com/ArubikU/polyloft-bvm/internal/bytecode/serialize.go:316.40,318.18 2 0
github.com/ArubikU/polyloft-bvm/internal/bytecode/serialize.go:318.18,320.5 1 0
github.com/ArubikU/polyloft-bvm/internal/bytecode/serialize.go:321.4,321.28 1 0
github.com/ArubikU/polyloft-bvm/internal/bytecode/serialize.go:325.2,325.15 1 0
github.com/ArubikU/polyloft-bvm/internal/lexer/lexer.go:21.49,27.40 2 0
github.com/ArubikU/polyloft-bvm/internal/lexer/lexer.go:27.40,29.3 1 0
github.com/ArubikU/polyloft-bvm/internal/lexer/lexer.go:30.2,30.22 1 0
github.com/ArubikU/polyloft-bvm/internal/lexer/lexer.go:33.37,34.20 1 0
github.com/ArubikU/polyloft-bvm/internal/lexer/lexer.go:34.20,39.12 5 0
github.com/ArubikU/polyloft-bvm/internal/lexer/lexer.go:40.24,41.12 1 0
github.com/ArubikU/polyloft-bvm/internal/lexer/lexer.go:42.13,43.115 1 0
github.com/ArubikU/polyloft-bvm/internal/lexer/lexer.go:44.12,45.53 1 0
github.com/ArubikU/polyloft-bvm/internal/lexer/lexer.go:46.12,47.54 1 0
github.com/ArubikU/polyloft-bvm/internal/lexer/lexer.go:48.12,49.55 1 0
github.com/ArubikU/polyloft-bvm/internal/lexer/lexer.go:50.12,51.56 1 0
github.com/ArubikU/polyloft-bvm/internal/lexer/lexer.go:52.12,53.53 1 0
github.com/ArubikU/polyloft-bvm/internal/lexer/lexer.go:54.12,55.54 1 0
github.com/ArubikU/polyloft-bvm/internal/lexer/lexer.go:56.12,57.49 1 0
github.com/ArubikU/polyloft-bvm/internal/lexer/lexer.go:58.12,59.49 1 0
github.com/ArubikU/polyloft-bvm/internal/lexer/lexer.go:60.12,61.48 1 0
github.com/ArubikU/polyloft-bvm/internal/lexer/lexer.go:61.48,65.5 3 0
github.com/ArubikU/polyloft-bvm/internal/lexer/lexer.go:65.10,67.5 1 0
github.com/ArubikU/polyloft-bvm/internal/lexer/lexer.go:68.12,69.52 1 0
github.com/ArubikU/polyloft-bvm/internal/lexer/lexer.go:70.12,71.46 1 0
github.com/ArubikU/polyloft-bvm/internal/lexer/lexer.go:72.12,73.21 1 0
github.com/ArubikU/polyloft-bvm/internal/lexer/lexer.go:73.21,75.5 1 0
github.com/ArubikU/polyloft-bvm/internal/lexer/lexer.go:75.10,77.5 1 0
github.com/ArubikU/polyloft-bvm/internal/lexer/lexer.go:78.12,79.21 1 0
github.com/ArubikU/polyloft-bvm/internal/lexer/lexer.go:79.21,81.5 1 0
github.com/ArubikU/polyloft-bvm/internal/lexer/lexer.go:81.10,81.28 1 0
github.com/ArubikU/polyloft-bvm/internal/lexer/lexer.go:81.28,83.5 1 0
github.com/ArubikU/polyloft-bvm/internal/lexer/lexer.go:83.10,85.5 1 0
github.com/ArubikU/polyloft-bvm/internal/lexer/lexer.go:86.12,87.21 1 0
github.com/ArubikU/polyloft-bvm/internal/lexer/lexer.go:87.21,89.5 1 0
github.com/ArubikU/polyloft-bvm/internal/lexer/lexer.go:89.10,89.28 1 0
github.com/ArubikU/polyloft-bvm/internal/lexer/lexer.go:89.28,91.5 1 0
github.com/ArubikU/polyloft-bvm/internal/lexer/lexer.go:91.10,93.5 1 0
github.com/ArubikU/polyloft-bvm/internal/lexer/lexer.go:94.12,95.51 1 0
github.com/ArubikU/polyloft-bvm/internal/lexer/lexer.go:96.12,97.49 1 0
github.com/ArubikU/polyloft-bvm/internal/lexer/lexer.go:98.12,99.21 1 0
github.com/ArubikU/polyloft-bvm/internal/lexer/lexer.go:99.21,100.44 1 0
github.com/ArubikU/polyloft-bvm/internal/lexer/lexer.go:100.44,102.6 1 0
github.com/ArubikU/polyloft-bvm/internal/lexer/lexer.go:103.5,103.13 1 0
github.com/ArubikU/polyloft-bvm/internal/lexer/lexer.go:105.4,105.21 1 0
github.com/ArubikU/polyloft-bvm/internal/lexer/lexer.go:105.21,106.23 1 0
github.com/ArubikU/polyloft-bvm/internal/lexer/lexer.go:106.23,107.50 1 0
github.com/ArubikU/polyloft-bvm/internal/lexer/lexer.go:107.50,110.12 3 0
github.com/ArubikU/polyloft-bvm/internal/lexer/lexer.go:112.6,112.18 1 0
github.com/ArubikU/polyloft-bvm/internal/lexer/lexer.go:114.5,114.13 1 0
github.com/ArubikU/polyloft-bvm/internal/lexer/lexer.go:116.4,116.21 1 0
github.com/ArubikU/polyloft-bvm/internal/lexer/lexer.go:116.21,118.5 1 0
github.com/ArubikU/polyloft-bvm/internal/lexer/lexer.go:118.10,120.5 1 0
github.com/ArubikU/polyloft-bvm/internal/lexer/lexer.go:121.12,122.21 1 0
github.com/ArubikU/polyloft-bvm/internal/lexer/lexer.go:122.21,124.5 1 0
github.com/ArubikU/polyloft-bvm/internal/lexer/lexer.go:124.10,126.5 1 0
github.com/ArubikU/polyloft-bvm/internal/lexer/lexer.go:127.12,128.21 1 0
github.com/ArubikU/polyloft-bvm/internal/lexer/lexer.go:128.21,130.5 1 0
github.com/ArubikU/polyloft-bvm/internal/lexer/lexer.go:130.10,132.5 1 0
github.com/ArubikU/polyloft-bvm/internal/lexer/lexer.go:133.12,134.21 1 0
github.com/ArubikU/polyloft-bvm/internal/lexer/lexer.go:134.21,136.5 1 0
github.com/ArubikU/polyloft-bvm/internal/lexer/lexer.go:136.10,138.5 1 0
github.com/ArubikU/polyloft-bvm/internal/lexer/lexer.go:139.12,140.21 1 0
github.com/ArubikU/polyloft-bvm/internal/lexer/lexer.go:140.21,142.5 1 0
github.com/ArubikU/polyloft-bvm/internal/lexer/lexer.go:142.10,142.28 1 0
github.com/ArubikU/polyloft-bvm/internal/lexer/lexer.go:142.28,144.5 1 0
github.com/ArubikU/polyloft-bvm/internal/lexer/lexer.go:144.10,146.5 1 0
github.com/ArubikU/polyloft-bvm/internal/lexer/lexer.go:147.12,148.21 1 0
github.com/ArubikU/polyloft-bvm/internal/lexer/lexer.go:148.21,150.5 1 0
github.com/ArubikU/polyloft-bvm/internal/lexer/lexer.go:150.10,152.5 1 0
github.com/ArubikU/polyloft-bvm/internal/lexer/lexer.go:153.12,154.21 1 0
github.com/ArubikU/polyloft-bvm/internal/lexer/lexer.go:154.21,156.5 1 0
github.com/ArubikU/polyloft-bvm/internal/lexer/lexer.go:156.10,158.5 1 0
github.com/ArubikU/polyloft-bvm/internal/lexer/lexer.go:159.12,160.61 1 0
github.com/ArubikU/polyloft-bvm/internal/lexer/lexer.go:160.61,162.5 1 0
github.com/ArubikU/polyloft-bvm/internal/lexer/lexer.go:163.13,164.59 1 0
github.com/ArubikU/polyloft-bvm/internal/lexer/lexer.go:164.59,166.5 1 0
github.com/ArubikU/polyloft-bvm/internal/lexer/lexer.go:167.11,168.26 1 0
github.com/ArubikU/polyloft-bvm/internal/lexer/lexer.go:168.26,169.62 1 0
github.com/ArubikU/polyloft-bvm/internal/lexer/lexer.go:169.62,171.6 1 0
github.com/ArubikU/polyloft-bvm/internal/lexer/lexer.go:172.5,172.13 1 0
github.com/ArubikU/polyloft-bvm/internal/lexer/lexer.go:174.4,174.39 1 0
github.com/ArubikU/polyloft-bvm/internal/lexer/lexer.go:174.39,176.13 2 0
github.com/ArubikU/polyloft-bvm/internal/lexer/lexer.go:178.4,178.84 1 0
github.com/ArubikU/polyloft-bvm/internal/lexer/lexer.go:182.2,183.12 2 0
github.com/ArubikU/polyloft-bvm/internal/lexer/lexer.go:186.50,189.20 2 0
github.com/ArubikU/polyloft-bvm/internal/lexer/lexer.go:189.20,192.22 2 0
github.com/ArubikU/polyloft-bvm/internal/lexer/lexer.go:192.22,193.17 1 0
github.com/ArubikU/polyloft-bvm/internal/lexer/lexer.go:193.17,196.13 3 0
github.com/ArubikU/polyloft-bvm/internal/lexer/lexer.go:198.4,198.17 1 0
github.com/ArubikU/polyloft-bvm/internal/lexer/lexer.go:198.17,201.13 3 0
github.com/ArubikU/polyloft-bvm/internal/lexer/lexer.go:204.4,205.12 2 0
github.com/ArubikU/polyloft-bvm/internal/lexer/lexer.go:208.3,208.16 1 0
github.com/ArubikU/polyloft-bvm/internal/lexer/lexer.go:208.16,209.9 1 0
github.com/ArubikU/polyloft-bvm/internal/lexer/lexer.go:211.3,211.17 1 0
github.com/ArubikU/polyloft-bvm/internal/lexer/lexer.go:211.17,213.4 1 0
github.com/ArubikU/polyloft-bvm/internal/lexer/lexer.go:215.3,215.40 1 0
github.com/ArubikU/polyloft-bvm/internal/lexer/lexer.go:215.40,219.12 4 0
github.com/ArubikU/polyloft-bvm/internal/lexer/lexer.go:222.3,222.41 1 0
github.com/ArubikU/polyloft-bvm/internal/lexer/lexer.go:222.41,225.12 3 0
github.com/ArubikU/polyloft-bvm/internal/lexer/lexer.go:227.3,227.15 1 0
github.com/ArubikU/polyloft-bvm/internal/lexer/lexer.go:229.2,229.18 1 0
github.com/ArubikU/polyloft-bvm/internal/lexer/lexer.go:229.18,231.3 1 0
github.com/ArubikU/polyloft-bvm/internal/lexer/lexer.go:232.2,238.32 4 0
github.com/ArubikU/polyloft-bvm/internal/lexer/lexer.go:238.32,239.39 1 0
github.com/ArubikU/polyloft-bvm/internal/lexer/lexer.go:239.39,241.18 2 0
github.com/ArubikU/polyloft-bvm/internal/lexer/lexer.go:242.13,243.22 1 0
github.com/ArubikU/polyloft-bvm/internal/lexer/lexer.go:244.13,245.22 1 0
github.com/ArubikU/polyloft-bvm/internal/lexer/lexer.go:246.13,247.22 1 0
github.com/ArubikU/polyloft-bvm/internal/lexer/lexer.go:248.14,249.22 1 0
github.com/ArubikU/polyloft-bvm/internal/lexer/lexer.go:250.13,251.21 1 0
github.com/ArubikU/polyloft-bvm/internal/lexer/lexer.go:252.12,254.24 2 0
github.com/ArubikU/polyloft-bvm/internal/lexer/lexer.go:256.9,258.4 1 0
github.com/ArubikU/polyloft-bvm/internal/lexer/lexer.go:261.2,262.12 2 0
github.com/ArubikU/polyloft-bvm/internal/lexer/lexer.go:265.48,266.39 1 0
github.com/ArubikU/polyloft-bvm/internal/lexer/lexer.go:266.39,268.3 1 0
github.com/ArubikU/polyloft-bvm/internal/lexer/lexer.go:269.2,270.23 2 0
github.com/ArubikU/polyloft-bvm/internal/lexer/lexer.go:270.23,272.19 2 0
github.com/ArubikU/polyloft-bvm/internal/lexer/lexer.go:272.19,274.4 1 0
github.com/ArubikU/polyloft-bvm/internal/lexer/lexer.go:275.3,276.18 2 0
github.com/ArubikU/polyloft-bvm/internal/lexer/lexer.go:277.12,278.16 1 0
github.com/ArubikU/polyloft-bvm/internal/lexer/lexer.go:279.12,280.16 1 0
github.com/ArubikU/polyloft-bvm/internal/lexer/lexer.go:281.12,282.16 1 0
github.com/ArubikU/polyloft-bvm/internal/lexer/lexer.go:283.12,284.16 1 0
github.com/ArubikU/polyloft-bvm/internal/lexer/lexer.go:285.12,286.16 1 0
github.com/ArubikU/polyloft-bvm/internal/lexer/lexer.go:287.13,288.16 1 0
github.com/ArubikU/polyloft-bvm/internal/lexer/lexer.go:289.13,290.16 1 0
github.com/ArubikU/polyloft-bvm/internal/lexer/lexer.go:291.12,292.15 1 0
github.com/ArubikU/polyloft-bvm/internal/lexer/lexer.go:293.12,294.18 1 0
github.com/ArubikU/polyloft-bvm/internal/lexer/lexer.go:295.11,296.85 1 0
github.com/ArubikU/polyloft-bvm/internal/lexer/lexer.go:298.8,300.3 1 0
github.com/ArubikU/polyloft-bvm/internal/lexer/lexer.go:301.2,301.39 1 0
github.com/ArubikU/polyloft-bvm/internal/lexer/lexer.go:301.39,303.3 1 0
github.com/ArubikU/polyloft-bvm/internal/lexer/lexer.go:304.2,306.12 3 0
github.com/ArubikU/polyloft-bvm/internal/lexer/lexer.go:309.50,311.65 2 0
github.com/ArubikU/polyloft-bvm/internal/lexer/lexer.go:311.65,313.3 1 0
github.com/ArubikU/polyloft-bvm/internal/lexer/lexer.go:314.2,314.59 1 0
github.com/ArubikU/polyloft-bvm/internal/lexer/lexer.go:314.59,317.65 3 0
github.com/ArubikU/polyloft-bvm/internal/lexer/lexer.go:317.65,319.4 1 0
github.com/ArubikU/polyloft-bvm/internal/lexer/lexer.go:321.2,323.62 3 0
github.com/ArubikU/polyloft-bvm/internal/lexer/lexer.go:323.62,325.3 1 0
github.com/ArubikU/polyloft-bvm/internal/lexer/lexer.go:326.2,327.13 2 0
github.com/ArubikU/polyloft-bvm/internal/lexer/lexer.go:327.13,329.3 1 0
github.com/ArubikU/polyloft-bvm/internal/lexer/lexer.go:330.2,331.12 2 0
github.com/ArubikU/polyloft-bvm/internal/lexer/lexer.go:334.85,335.56 1 0
github.com/ArubikU/polyloft-bvm/internal/lexer/lexer.go:335.56,337.3 1 0
github.com/ArubikU/polyloft-bvm/internal/lexer/lexer.go:338.2,338.6 1 0
github.com/ArubikU/polyloft-bvm/internal/lexer/lexer.go:338.6,339.33 1 0
github.com/ArubikU/polyloft-bvm/internal/lexer/lexer.go:339.33,341.12 2 0
github.com/ArubikU/polyloft-bvm/internal/lexer/lexer.go:343.3,343.23 1 0
github.com/ArubikU/polyloft-bvm/internal/lexer/lexer.go:343.23,344.39 1 0
github.com/ArubikU/polyloft-bvm/internal/lexer/lexer.go:344.39,347.5 2 0
github.com/ArubikU/polyloft-bvm/internal/lexer/lexer.go:348.4,349.12 2 0
github.com/ArubikU/polyloft-bvm/internal/lexer/lexer.go:351.3,351.8 1 0
github.com/ArubikU/polyloft-bvm/internal/lexer/lexer.go:353.2,353.32 1 0
github.com/ArubikU/polyloft-bvm/internal/lexer/lexer.go:353.32,356.3 2 0
github.com/ArubikU/polyloft-bvm/internal/lexer/lexer.go:357.2,357.12 1 0
github.com/ArubikU/polyloft-bvm/internal/lexer/lexer.go:360.39,362.2 1 0
github.com/ArubikU/polyloft-bvm/internal/lexer/lexer.go:364.52,366.2 1 0
github.com/ArubikU/polyloft-bvm/internal/lexer/lexer.go:368.48,369.84 1 0
github.com/ArubikU/polyloft-bvm/internal/lexer/lexer.go:369.84,371.3 1 0
github.com/ArubikU/polyloft-bvm/internal/lexer/lexer.go:372.2,373.123 2 0
github.com/ArubikU/polyloft-bvm/internal/lexer/lexer.go:376.59,378.2 1 0
github.com/ArubikU/polyloft-bvm/internal/lexer/lexer.go:380.44,381.51 1 0
github.com/ArubikU/polyloft-bvm/internal/lexer/lexer.go:381.51,383.3 1 0
github.com/ArubikU/polyloft-bvm/internal/lexer/lexer.go:384.2,386.13 3 0
github.com/ArubikU/polyloft-bvm/internal/lexer/lexer.go:389.30,390.18 1 0
github.com/ArubikU/polyloft-bvm/internal/lexer/lexer.go:390.18,392.3 1 0
github.com/ArubikU/polyloft-bvm/internal/lexer/lexer.go:393.2,393.26 1 0
github.com/ArubikU/polyloft-bvm/internal/lexer/lexer.go:396.34,397.32 1 0
github.com/ArubikU/polyloft-bvm/internal/lexer/lexer.go:397.32,399.3 1 0
github.com/ArubikU/polyloft-bvm/internal/lexer/lexer.go:400.2,400.28 1 0
github.com/ArubikU/polyloft-bvm/internal/lexer/lexer.go:403.33,406.15 3 0
github.com/ArubikU/polyloft-bvm/internal/lexer/lexer.go:406.15,409.3 2 0
github.com/ArubikU/polyloft-bvm/internal/lexer/lexer.go:409.8,411.3 1 0
github.com/ArubikU/polyloft-bvm/internal/lexer/lexer.go:412.2,412.10 1 0
github.com/ArubikU/polyloft-bvm/internal/lexer/lexer.go:415.33,417.2 1 0
github.com/ArubikU/polyloft-bvm/internal/diagnostic/diagnostic.go:43.32,44.14 1 0
github.com/ArubikU/polyloft-bvm/internal/diagnostic/diagnostic.go:44.14,46.3 1 0
github.com/ArubikU/polyloft-bvm/internal/diagnostic/diagnostic.go:47.2,47.18 1 0
github.com/ArubikU/polyloft-bvm/internal/diagnostic/diagnostic.go:47.18,48.33 1 0
github.com/ArubikU/polyloft-bvm/internal/diagnostic/diagnostic.go:48.33,50.4 1 0
github.com/ArubikU/polyloft-bvm/internal/diagnostic/diagnostic.go:51.3,51.17 1 0
github.com/ArubikU/polyloft-bvm/internal/diagnostic/diagnostic.go:51.17,53.4 1 0
github.com/ArubikU/polyloft-bvm/internal/diagnostic/diagnostic.go:54.3,54.50 1 0
github.com/ArubikU/polyloft-bvm/internal/diagnostic/diagnostic.go:56.2,56.21 1 0
github.com/ArubikU/polyloft-bvm/internal/diagnostic/diagnostic.go:56.21,58.3 1 0
github.com/ArubikU/polyloft-bvm/internal/diagnostic/diagnostic.go:59.2,59.20 1 0
github.com/ArubikU/polyloft-bvm/internal/diagnostic/diagnostic.go:59.20,61.3 1 0
github.com/ArubikU/polyloft-bvm/internal/diagnostic/diagnostic.go:62.2,62.27 1 0
github.com/ArubikU/polyloft-bvm/internal/diagnostic/diagnostic.go:65.32,66.14 1 0
github.com/ArubikU/polyloft-bvm/internal/diagnostic/diagnostic.go:66.14,68.3 1 0
github.com/ArubikU/polyloft-bvm/internal/diagnostic/diagnostic.go:69.2,69.16 1 0
github.com/ArubikU/polyloft-bvm/internal/diagnostic/diagnostic.go:72.42,73.28 1 0
github.com/ArubikU/polyloft-bvm/internal/diagnostic/diagnostic.go:73.28,75.3 1 0
github.com/ArubikU/polyloft-bvm/internal/diagnostic/diagnostic.go:76.2,76.14 1 0
github.com/ArubikU/polyloft-bvm/internal/diagnostic/diagnostic.go:76.14,78.3 1 0
github.com/ArubikU/polyloft-bvm/internal/diagnostic/diagnostic.go:79.2,79.25 1 0
github.com/ArubikU/polyloft-bvm/internal/diagnostic/diagnostic.go:82.73,83.39 1 0
github.com/ArubikU/polyloft-bvm/internal/diagnostic/diagnostic.go:83.39,85.3 1 0
github.com/ArubikU/polyloft-bvm/internal/diagnostic/diagnostic.go:86.2,92.3 1 0
github.com/ArubikU/polyloft-bvm/internal/diagnostic/diagnostic.go:95.67,96.16 1 0
github.com/ArubikU/polyloft-bvm/internal/diagnostic/diagnostic.go:96.16,98.3 1 0
github.com/ArubikU/polyloft-bvm/internal/diagnostic/diagnostic.go:99.2,99.32 1 0
github.com/ArubikU/polyloft-bvm/internal/diagnostic/diagnostic.go:99.32,101.24 2 0
github.com/ArubikU/polyloft-bvm/internal/diagnostic/diagnostic.go:101.24,103.4 1 0
github.com/ArubikU/polyloft-bvm/internal/diagnostic/diagnostic.go:104.3,104.28 1 0
github.com/ArubikU/polyloft-bvm/internal/diagnostic/diagnostic.go:104.28,106.4 1 0
github.com/ArubikU/polyloft-bvm/internal/diagnostic/diagnostic.go:107.3,107.24 1 0
github.com/ArubikU/polyloft-bvm/internal/diagnostic/diagnostic.go:107.24,109.4 1 0
github.com/ArubikU/polyloft-bvm/internal/diagnostic/diagnostic.go:110.3,110.26 1 0
github.com/ArubikU/polyloft-bvm/internal/diagnostic/diagnostic.go:110.26,112.4 1 0
github.com/ArubikU/polyloft-bvm/internal/diagnostic/diagnostic.go:113.3,113.23 1 0
github.com/ArubikU/polyloft-bvm/internal/diagnostic/diagnostic.go:113.23,117.4 3 0
github.com/ArubikU/polyloft-bvm/internal/diagnostic/diagnostic.go:118.3,118.50 1 0
github.com/ArubikU/polyloft-bvm/internal/diagnostic/diagnostic.go:118.50,120.4 1 0
github.com/ArubikU/polyloft-bvm/internal/diagnostic/diagnostic.go:121.3,121.26 1 0
github.com/ArubikU/polyloft-bvm/internal/diagnostic/diagnostic.go:121.26,123.4 1 0
github.com/ArubikU/polyloft-bvm/internal/diagnostic/diagnostic.go:124.3,124.17 1 0
github.com/ArubikU/polyloft-bvm/internal/diagnostic/diagnostic.go:127.2,138.3 3 0
github.com/ArubikU/polyloft-bvm/internal/diagnostic/diagnostic.go:141.31,142.16 1 0
github.com/ArubikU/polyloft-bvm/internal/diagnostic/diagnostic.go:142.16,144.3 1 0
github.com/ArubikU/polyloft-bvm/internal/diagnostic/diagnostic.go:145.2,146.9 2 0
github.com/ArubikU/polyloft-bvm/internal/diagnostic/diagnostic.go:146.9,148.3 1 0
github.com/ArubikU/polyloft-bvm/internal/diagnostic/diagnostic.go:150.2,152.16 3 0
github.com/ArubikU/polyloft-bvm/internal/diagnostic/diagnostic.go:152.16,154.3 1 0
github.com/ArubikU/polyloft-bvm/internal/diagnostic/diagnostic.go:154.8,156.3 1 0
github.com/ArubikU/polyloft-bvm/internal/diagnostic/diagnostic.go:158.2,158.19 1 0
github.com/ArubikU/polyloft-bvm/internal/diagnostic/diagnostic.go:158.19,159.35 1 0
github.com/ArubikU/polyloft-bvm/internal/diagnostic/diagnostic.go:159.35,161.4 1 0
github.com/ArubikU/polyloft-bvm/internal/diagnostic/diagnostic.go:161.9,161.25 1 0
github.com/ArubikU/polyloft-bvm/internal/diagnostic/diagnostic.go:161.25,163.4 1 0
github.com/ArubikU/polyloft-bvm/internal/diagnostic/diagnostic.go:163.9,165.4 1 0
github.com/ArubikU/polyloft-bvm/internal/diagnostic/diagnostic.go:168.2,168.19 1 0
github.com/ArubikU/polyloft-bvm/internal/diagnostic/diagnostic.go:168.19,170.3 1 0
github.com/ArubikU/polyloft-bvm/internal/diagnostic/diagnostic.go:172.2,172.23 1 0
github.com/ArubikU/polyloft-bvm/internal/diagnostic/diagnostic.go:172.23,174.34 2 0
github.com/ArubikU/polyloft-bvm/internal/diagnostic/diagnostic.go:174.34,175.22 1 0
github.com/ArubikU/polyloft-bvm/internal/diagnostic/diagnostic.go:175.22,177.5 1 0
github.com/ArubikU/polyloft-bvm/internal/diagnostic/diagnostic.go:177.10,179.5 1 0
github.com/ArubikU/polyloft-bvm/internal/diagnostic/diagnostic.go:183.2,183.34 1 0
github.com/ArubikU/polyloft-bvm/internal/diagnostic/diagnostic.go:188.51,190.17 2 0
github.com/ArubikU/polyloft-bvm/internal/diagnostic/diagnostic.go:190.17,192.3 1 0
github.com/ArubikU/polyloft-bvm/internal/diagnostic/diagnostic.go:193.2,195.30 3 0
github.com/ArubikU/polyloft-bvm/internal/diagnostic/diagnostic.go:195.30,197.3 1 0
github.com/ArubikU/polyloft-bvm/internal/diagnostic/diagnostic.go:198.2,198.18 1 0
github.com/ArubikU/polyloft-bvm/internal/jit/backend.go:160.74,162.33 2 0
github.com/ArubikU/polyloft-bvm/internal/jit/backend.go:162.33,164.3 1 0
github.com/ArubikU/polyloft-bvm/internal/jit/backend.go:165.2,165.13 1 0
github.com/ArubikU/polyloft-bvm/internal/jit/backend.go:168.45,169.12 1 0
github.com/ArubikU/polyloft-bvm/internal/jit/backend.go:170.19,171.23 1 0
github.com/ArubikU/polyloft-bvm/internal/jit/backend.go:172.18,173.22 1 0
github.com/ArubikU/polyloft-bvm/internal/jit/backend.go:174.24,175.28 1 0
github.com/ArubikU/polyloft-bvm/internal/jit/backend.go:176.26,177.30 1 0
github.com/ArubikU/polyloft-bvm/internal/jit/backend.go:178.19,179.23 1 0
github.com/ArubikU/polyloft-bvm/internal/jit/backend.go:180.19,181.23 1 0
github.com/ArubikU/polyloft-bvm/internal/jit/backend.go:182.17,183.21 1 0
github.com/ArubikU/polyloft-bvm/internal/jit/backend.go:184.17,185.21 1 0
github.com/ArubikU/polyloft-bvm/internal/jit/backend.go:186.18,187.22 1 0
github.com/ArubikU/polyloft-bvm/internal/jit/backend.go:188.19,189.23 1 0
github.com/ArubikU/polyloft-bvm/internal/jit/backend.go:190.13,191.17 1 0
github.com/ArubikU/polyloft-bvm/internal/jit/backend.go:192.24,193.28 1 0
github.com/ArubikU/polyloft-bvm/internal/jit/backend.go:194.19,195.23 1 0
github.com/ArubikU/polyloft-bvm/internal/jit/backend.go:196.22,197.26 1 0
github.com/ArubikU/polyloft-bvm/internal/jit/backend.go:198.23,199.27 1 0
github.com/ArubikU/polyloft-bvm/internal/jit/backend.go:200.23,201.27 1 0
github.com/ArubikU/polyloft-bvm/internal/jit/backend.go:202.17,203.21 1 0
github.com/ArubikU/polyloft-bvm/internal/jit/backend.go:204.19,205.23 1 0
github.com/ArubikU/polyloft-bvm/internal/jit/backend.go:206.18,207.22 1 0
github.com/ArubikU/polyloft-bvm/internal/jit/backend.go:208.15,209.19 1 0
github.com/ArubikU/polyloft-bvm/internal/jit/backend.go:210.13,211.22 1 0
github.com/ArubikU/polyloft-bvm/internal/jit/backend.go:212.18,213.22 1 0
github.com/ArubikU/polyloft-bvm/internal/jit/backend.go:214.23,215.27 1 0
github.com/ArubikU/polyloft-bvm/internal/jit/backend.go:216.21,217.25 1 0
github.com/ArubikU/polyloft-bvm/internal/jit/backend.go:218.18,219.22 1 0
github.com/ArubikU/polyloft-bvm/internal/jit/backend.go:220.23,221.27 1 0
github.com/ArubikU/polyloft-bvm/internal/jit/backend.go:222.21,223.25 1 0
github.com/ArubikU/polyloft-bvm/internal/jit/backend.go:224.15,225.19 1 0
github.com/ArubikU/polyloft-bvm/internal/jit/backend.go:226.26,227.30 1 0
github.com/ArubikU/polyloft-bvm/internal/jit/backend.go:228.15,229.19 1 0
github.com/ArubikU/polyloft-bvm/internal/jit/backend.go:230.17,231.21 1 0
github.com/ArubikU/polyloft-bvm/internal/jit/backend.go:232.20,233.24 1 0
github.com/ArubikU/polyloft-bvm/internal/jit/backend.go:234.13,235.17 1 0
github.com/ArubikU/polyloft-bvm/internal/jit/backend.go:236.19,237.23 1 0
github.com/ArubikU/polyloft-bvm/internal/jit/backend.go:238.19,239.23 1 0
github.com/ArubikU/polyloft-bvm/internal/jit/backend.go:240.19,241.23 1 0
github.com/ArubikU/polyloft-bvm/internal/jit/backend.go:242.19,243.23 1 0
github.com/ArubikU/polyloft-bvm/internal/jit/backend.go:244.19,245.23 1 0
github.com/ArubikU/polyloft-bvm/internal/jit/backend.go:246.19,247.23 1 0
github.com/ArubikU/polyloft-bvm/internal/jit/backend.go:248.14,249.18 1 0
github.com/ArubikU/polyloft-bvm/internal/jit/backend.go:250.21,251.25 1 0
github.com/ArubikU/polyloft-bvm/internal/jit/backend.go:252.16,253.17 1 0
github.com/ArubikU/polyloft-bvm/internal/jit/backend.go:254.10,255.11 1 0
github.com/ArubikU/polyloft-bvm/internal/jit/backend.go:259.197,273.2 1 0
github.com/ArubikU/polyloft-bvm/internal/jit/backend.go:275.42,369.2 1 0
github.com/ArubikU/polyloft-bvm/internal/jit/backend.go:371.52,418.2 1 0
github.com/ArubikU/polyloft-bvm/internal/jit/backend.go:420.79,424.25 4 0
github.com/ArubikU/polyloft-bvm/internal/jit/backend.go:424.25,431.3 1 0
github.com/ArubikU/polyloft-bvm/internal/jit/backend.go:432.2,433.16 2 0
github.com/ArubikU/polyloft-bvm/internal/jit/backend.go:436.71,437.14 1 0
github.com/ArubikU/polyloft-bvm/internal/jit/backend.go:438.29,439.51 1 0
github.com/ArubikU/polyloft-bvm/internal/jit/backend.go:440.27,441.51 1 0
github.com/ArubikU/polyloft-bvm/internal/jit/backend.go:442.10,443.20 1 0
github.com/ArubikU/polyloft-bvm/internal/jit/backend.go:447.74,449.2 1 0
github.com/ArubikU/polyloft-bvm/internal/jit/backend.go:451.57,453.9 2 0
github.com/ArubikU/polyloft-bvm/internal/jit/backend.go:453.9,455.3 1 0
github.com/ArubikU/polyloft-bvm/internal/jit/backend.go:456.2,457.31 2 0
github.com/ArubikU/polyloft-bvm/internal/jit/backend.go:457.31,459.3 1 0
github.com/ArubikU/polyloft-bvm/internal/jit/backend.go:460.2,503.9 1 0
github.com/ArubikU/polyloft-bvm/internal/jit/backend_windows.go:9.30,11.2 1 0
github.com/ArubikU/polyloft-bvm/internal/jit/backend_windows.go:13.37,15.2 1 0
github.com/ArubikU/polyloft-bvm/internal/jit/backend_windows.go:17.175,20.2 2 0
github.com/ArubikU/polyloft-bvm/internal/jit/backend_windows.go:22.56,25.2 2 0
github.com/ArubikU/polyloft-bvm/internal/jit/compiler.go:31.26,33.2 1 0
github.com/ArubikU/polyloft-bvm/internal/jit/compiler.go:35.52,36.19 1 0
github.com/ArubikU/polyloft-bvm/internal/jit/compiler.go:36.19,38.3 1 0
github.com/ArubikU/polyloft-bvm/internal/jit/compiler.go:39.2,45.3 1 0
github.com/ArubikU/polyloft-bvm/internal/jit/compiler.go:48.57,49.19 1 0
github.com/ArubikU/polyloft-bvm/internal/jit/compiler.go:49.19,51.3 1 0
github.com/ArubikU/polyloft-bvm/internal/jit/compiler.go:52.2,54.36 3 0
github.com/ArubikU/polyloft-bvm/internal/jit/compiler.go:57.45,61.2 3 0
github.com/ArubikU/polyloft-bvm/internal/jit/compiler.go:63.46,67.2 3 0
github.com/ArubikU/polyloft-bvm/internal/jit/compiler.go:69.37,73.2 3 0
github.com/ArubikU/polyloft-bvm/internal/jit/compiler.go:75.40,77.2 1 0
github.com/ArubikU/polyloft-bvm/internal/jit/compiler.go:79.130,81.2 1 0
github.com/ArubikU/polyloft-bvm/internal/jit/compiler.go:83.166,85.20 2 0
github.com/ArubikU/polyloft-bvm/internal/jit/compiler.go:85.20,87.26 2 0
github.com/ArubikU/polyloft-bvm/internal/jit/compiler.go:87.26,91.4 3 0
github.com/ArubikU/polyloft-bvm/internal/jit/compiler.go:92.3,95.28 4 0
github.com/ArubikU/polyloft-bvm/internal/jit/compiler.go:95.28,100.4 4 0
github.com/ArubikU/polyloft-bvm/internal/jit/compiler.go:101.3,105.9 5 0
github.com/ArubikU/polyloft-bvm/internal/jit/compiler.go:105.9,110.4 4 0
github.com/ArubikU/polyloft-bvm/internal/jit/compiler.go:110.9,114.4 3 0
github.com/ArubikU/polyloft-bvm/internal/jit/compiler.go:115.3,116.10 2 0
github.com/ArubikU/polyloft-bvm/internal/jit/compiler.go:116.10,118.4 1 0
github.com/ArubikU/polyloft-bvm/internal/jit/compiler.go:120.2,121.16 2 0
github.com/ArubikU/polyloft-bvm/internal/jit/compiler.go:121.16,123.3 1 0
github.com/ArubikU/polyloft-bvm/internal/jit/compiler.go:124.2,128.26 5 0
github.com/ArubikU/polyloft-bvm/internal/jit/compiler.go:131.61,132.26 1 0
github.com/ArubikU/polyloft-bvm/internal/jit/compiler.go:132.26,134.3 1 0
github.com/ArubikU/polyloft-bvm/internal/jit/compiler.go:135.2,135.66 1 0
github.com/ArubikU/polyloft-bvm/internal/jit/compiler.go:138.53,139.32 1 0
github.com/ArubikU/polyloft-bvm/internal/jit/compiler.go:139.32,141.3 1 0
github.com/ArubikU/polyloft-bvm/internal/jit/compiler.go:142.2,142.16 1 0
github.com/ArubikU/polyloft-bvm/internal/jit/compiler.go:145.62,148.25 3 0
github.com/ArubikU/polyloft-bvm/internal/jit/compiler.go:148.25,150.3 1 0
github.com/ArubikU/polyloft-bvm/internal/jit/compiler.go:151.2,151.25 1 0
github.com/ArubikU/polyloft-bvm/internal/jit/compiler.go:154.86,155.59 1 0
github.com/ArubikU/polyloft-bvm/internal/jit/compiler.go:155.59,157.3 1 0
github.com/ArubikU/polyloft-bvm/internal/jit/compiler.go:158.2,159.9 2 0
github.com/ArubikU/polyloft-bvm/internal/jit/compiler.go:159.9,161.3 1 0
github.com/ArubikU/polyloft-bvm/internal/jit/compiler.go:162.2,162.114 1 0
github.com/ArubikU/polyloft-bvm/internal/jit/compiler.go:165.108,182.51 14 0
github.com/ArubikU/polyloft-bvm/internal/jit/compiler.go:182.51,183.72 1 0
github.com/ArubikU/polyloft-bvm/internal/jit/compiler.go:183.72,185.4 1 0
github.com/ArubikU/polyloft-bvm/internal/jit/compiler.go:187.2,187.52 1 0
github.com/ArubikU/polyloft-bvm/internal/jit/compiler.go:187.52,188.48 1 0
github.com/ArubikU/polyloft-bvm/internal/jit/compiler.go:188.48,190.4 1 0
github.com/ArubikU/polyloft-bvm/internal/jit/compiler.go:191.3,194.13 4 0
github.com/ArubikU/polyloft-bvm/internal/jit/compiler.go:197.2,197.39 1 0
github.com/ArubikU/polyloft-bvm/internal/jit/compiler.go:197.39,198.70 1 0
github.com/ArubikU/polyloft-bvm/internal/jit/compiler.go:198.70,200.4 1 0
github.com/ArubikU/polyloft-bvm/internal/jit/compiler.go:201.3,203.13 3 0
github.com/ArubikU/polyloft-bvm/internal/jit/compiler.go:204.28,205.29 1 0
github.com/ArubikU/polyloft-bvm/internal/jit/compiler.go:205.29,207.5 1 0
github.com/ArubikU/polyloft-bvm/internal/jit/compiler.go:208.4,210.15 3 0
github.com/ArubikU/polyloft-bvm/internal/jit/compiler.go:211.28,212.47 1 0
github.com/ArubikU/polyloft-bvm/internal/jit/compiler.go:212.47,214.5 1 0
github.com/ArubikU/polyloft-bvm/internal/jit/compiler.go:215.4,216.15 2 0
github.com/ArubikU/polyloft-bvm/internal/jit/compiler.go:217.33,218.29 1 0
github.com/ArubikU/polyloft-bvm/internal/jit/compiler.go:218.29,220.5 1 0
github.com/ArubikU/polyloft-bvm/internal/jit/compiler.go:221.4,223.15 3 0
github.com/ArubikU/polyloft-bvm/internal/jit/compiler.go:224.36,225.47 1 0
github.com/ArubikU/polyloft-bvm/internal/jit/compiler.go:225.47,227.5 1 0
github.com/ArubikU/polyloft-bvm/internal/jit/compiler.go:228.4,230.15 3 0
github.com/ArubikU/polyloft-bvm/internal/jit/compiler.go:231.32,232.29 1 0
github.com/ArubikU/polyloft-bvm/internal/jit/compiler.go:232.29,234.5 1 0
github.com/ArubikU/polyloft-bvm/internal/jit/compiler.go:235.4,238.15 4 0
github.com/ArubikU/polyloft-bvm/internal/jit/compiler.go:239.28,240.29 1 0
github.com/ArubikU/polyloft-bvm/internal/jit/compiler.go:240.29,242.5 1 0
github.com/ArubikU/polyloft-bvm/internal/jit/compiler.go:243.4,245.11 3 0
github.com/ArubikU/polyloft-bvm/internal/jit/compiler.go:245.11,247.5 1 0
github.com/ArubikU/polyloft-bvm/internal/jit/compiler.go:248.4,250.15 3 0
github.com/ArubikU/polyloft-bvm/internal/jit/compiler.go:250.15,254.5 3 0
github.com/ArubikU/polyloft-bvm/internal/jit/compiler.go:255.4,257.15 3 0
github.com/ArubikU/polyloft-bvm/internal/jit/compiler.go:258.27,259.29 1 0
github.com/ArubikU/polyloft-bvm/internal/jit/compiler.go:259.29,261.5 1 0
github.com/ArubikU/polyloft-bvm/internal/jit/compiler.go:262.4,265.11 4 0
github.com/ArubikU/polyloft-bvm/internal/jit/compiler.go:265.11,267.5 1 0
github.com/ArubikU/polyloft-bvm/internal/jit/compiler.go:268.4,268.37 1 0
github.com/ArubikU/polyloft-bvm/internal/jit/compiler.go:268.37,270.5 1 0
github.com/ArubikU/polyloft-bvm/internal/jit/compiler.go:271.4,274.15 4 0
github.com/ArubikU/polyloft-bvm/internal/jit/compiler.go:274.15,278.5 3 0
github.com/ArubikU/polyloft-bvm/internal/jit/compiler.go:279.4,281.15 3 0
github.com/ArubikU/polyloft-bvm/internal/jit/compiler.go:282.23,285.12 3 0
github.com/ArubikU/polyloft-bvm/internal/jit/compiler.go:286.24,289.12 3 0
github.com/ArubikU/polyloft-bvm/internal/jit/compiler.go:290.25,293.12 3 0
github.com/ArubikU/polyloft-bvm/internal/jit/compiler.go:294.23,295.22 1 0
github.com/ArubikU/polyloft-bvm/internal/jit/compiler.go:295.22,297.5 1 0
github.com/ArubikU/polyloft-bvm/internal/jit/compiler.go:298.4,300.12 3 0
github.com/ArubikU/polyloft-bvm/internal/jit/compiler.go:301.34,302.65 1 0
github.com/ArubikU/polyloft-bvm/internal/jit/compiler.go:302.65,304.5 1 0
github.com/ArubikU/polyloft-bvm/internal/jit/compiler.go:305.4,307.15 3 0
github.com/ArubikU/polyloft-bvm/internal/jit/compiler.go:308.29,309.65 1 0
github.com/ArubikU/polyloft-bvm/internal/jit/compiler.go:309.65,311.5 1 0
github.com/ArubikU/polyloft-bvm/internal/jit/compiler.go:312.4,314.11 3 0
github.com/ArubikU/polyloft-bvm/internal/jit/compiler.go:314.11,316.5 1 0
github.com/ArubikU/polyloft-bvm/internal/jit/compiler.go:317.4,317.48 1 0
github.com/ArubikU/polyloft-bvm/internal/jit/compiler.go:317.48,318.35 1 0
github.com/ArubikU/polyloft-bvm/internal/jit/compiler.go:318.35,320.6 1 0
github.com/ArubikU/polyloft-bvm/internal/jit/compiler.go:321.5,321.65 1 0
github.com/ArubikU/polyloft-bvm/internal/jit/compiler.go:321.65,323.6 1 0
github.com/ArubikU/polyloft-bvm/internal/jit/compiler.go:325.4,327.15 3 0
github.com/ArubikU/polyloft-bvm/internal/jit/compiler.go:327.15,331.5 3 0
github.com/ArubikU/polyloft-bvm/internal/jit/compiler.go:332.4,334.15 3 0
github.com/ArubikU/polyloft-bvm/internal/jit/compiler.go:335.26,336.67 1 0
github.com/ArubikU/polyloft-bvm/internal/jit/compiler.go:336.67,338.5 1 0
github.com/ArubikU/polyloft-bvm/internal/jit/compiler.go:339.4,341.15 3 0
github.com/ArubikU/polyloft-bvm/internal/jit/compiler.go:342.33,343.65 1 0
github.com/ArubikU/polyloft-bvm/internal/jit/compiler.go:343.65,345.5 1 0
github.com/ArubikU/polyloft-bvm/internal/jit/compiler.go:346.4,350.15 5 0
github.com/ArubikU/polyloft-bvm/internal/jit/compiler.go:351.33,352.29 1 0
github.com/ArubikU/polyloft-bvm/internal/jit/compiler.go:352.29,354.5 1 0
github.com/ArubikU/polyloft-bvm/internal/jit/compiler.go:355.4,359.15 5 0
github.com/ArubikU/polyloft-bvm/internal/jit/compiler.go:360.27,361.22 1 0
github.com/ArubikU/polyloft-bvm/internal/jit/compiler.go:361.22,363.5 1 0
github.com/ArubikU/polyloft-bvm/internal/jit/compiler.go:364.4,365.12 2 0
github.com/ArubikU/polyloft-bvm/internal/jit/compiler.go:366.29,367.22 1 0
github.com/ArubikU/polyloft-bvm/internal/jit/compiler.go:367.22,369.5 1 0
github.com/ArubikU/polyloft-bvm/internal/jit/compiler.go:370.4,371.12 2 0
github.com/ArubikU/polyloft-bvm/internal/jit/compiler.go:372.23,373.22 1 0
github.com/ArubikU/polyloft-bvm/internal/jit/compiler.go:373.22,375.5 1 0
github.com/ArubikU/polyloft-bvm/internal/jit/compiler.go:376.4,378.12 3 0
github.com/ArubikU/polyloft-bvm/internal/jit/compiler.go:379.23,380.22 1 0
github.com/ArubikU/polyloft-bvm/internal/jit/compiler.go:380.22,382.5 1 0
github.com/ArubikU/polyloft-bvm/internal/jit/compiler.go:383.4,385.12 3 0
github.com/ArubikU/polyloft-bvm/internal/jit/compiler.go:386.23,387.22 1 0
github.com/ArubikU/polyloft-bvm/internal/jit/compiler.go:387.22,389.5 1 0
github.com/ArubikU/polyloft-bvm/internal/jit/compiler.go:390.4,392.12 3 0
github.com/ArubikU/polyloft-bvm/internal/jit/compiler.go:393.23,394.22 1 0
github.com/ArubikU/polyloft-bvm/internal/jit/compiler.go:394.22,396.5 1 0
github.com/ArubikU/polyloft-bvm/internal/jit/compiler.go:397.4,399.12 3 0
github.com/ArubikU/polyloft-bvm/internal/jit/compiler.go:400.23,401.22 1 0
github.com/ArubikU/polyloft-bvm/internal/jit/compiler.go:401.22,403.5 1 0
github.com/ArubikU/polyloft-bvm/internal/jit/compiler.go:404.4,406.12 3 0
github.com/ArubikU/polyloft-bvm/internal/jit/compiler.go:407.36,408.29 1 0
github.com/ArubikU/polyloft-bvm/internal/jit/compiler.go:408.29,410.5 1 0
github.com/ArubikU/polyloft-bvm/internal/jit/compiler.go:411.4,412.15 2 0
github.com/ArubikU/polyloft-bvm/internal/jit/compiler.go:413.25,414.29 1 0
github.com/ArubikU/polyloft-bvm/internal/jit/compiler.go:414.29,416.5 1 0
github.com/ArubikU/polyloft-bvm/internal/jit/compiler.go:417.4,418.26 2 0
github.com/ArubikU/polyloft-bvm/internal/jit/compiler.go:418.26,420.5 1 0
github.com/ArubikU/polyloft-bvm/internal/jit/compiler.go:421.4,423.15 3 0
github.com/ArubikU/polyloft-bvm/internal/jit/compiler.go:424.23,425.29 1 0
github.com/ArubikU/polyloft-bvm/internal/jit/compiler.go:425.29,427.5 1 0
github.com/ArubikU/polyloft-bvm/internal/jit/compiler.go:428.4,429.28 2 0
github.com/ArubikU/polyloft-bvm/internal/jit/compiler.go:429.28,431.5 1 0
github.com/ArubikU/polyloft-bvm/internal/jit/compiler.go:432.4,434.15 3 0
github.com/ArubikU/polyloft-bvm/internal/jit/compiler.go:435.78,436.22 1 0
github.com/ArubikU/polyloft-bvm/internal/jit/compiler.go:436.22,438.5 1 0
github.com/ArubikU/polyloft-bvm/internal/jit/compiler.go:439.4,440.14 2 0
github.com/ArubikU/polyloft-bvm/internal/jit/compiler.go:441.34,442.29 1 0
github.com/ArubikU/polyloft-bvm/internal/jit/compiler.go:443.32,444.27 1 0
github.com/ArubikU/polyloft-bvm/internal/jit/compiler.go:446.4,448.12 3 0
github.com/ArubikU/polyloft-bvm/internal/jit/compiler.go:449.78,450.22 1 0
github.com/ArubikU/polyloft-bvm/internal/jit/compiler.go:450.22,452.5 1 0
github.com/ArubikU/polyloft-bvm/internal/jit/compiler.go:453.4,454.14 2 0
github.com/ArubikU/polyloft-bvm/internal/jit/compiler.go:455.34,456.29 1 0
github.com/ArubikU/polyloft-bvm/internal/jit/compiler.go:457.32,458.27 1 0
github.com/ArubikU/polyloft-bvm/internal/jit/compiler.go:460.4,462.12 3 0
github.com/ArubikU/polyloft-bvm/internal/jit/compiler.go:463.25,464.22 1 0
github.com/ArubikU/polyloft-bvm/internal/jit/compiler.go:464.22,466.5 1 0
github.com/ArubikU/polyloft-bvm/internal/jit/compiler.go:467.4,469.12 3 0
github.com/ArubikU/polyloft-bvm/internal/jit/compiler.go:470.25,471.22 1 0
github.com/ArubikU/polyloft-bvm/internal/jit/compiler.go:471.22,473.5 1 0
github.com/ArubikU/polyloft-bvm/internal/jit/compiler.go:474.4,476.12 3 0
github.com/ArubikU/polyloft-bvm/internal/jit/compiler.go:477.27,478.22 1 0
github.com/ArubikU/polyloft-bvm/internal/jit/compiler.go:478.22,480.5 1 0
github.com/ArubikU/polyloft-bvm/internal/jit/compiler.go:481.4,483.12 3 0
github.com/ArubikU/polyloft-bvm/internal/jit/compiler.go:484.30,485.22 1 0
github.com/ArubikU/polyloft-bvm/internal/jit/compiler.go:485.22,487.5 1 0
github.com/ArubikU/polyloft-bvm/internal/jit/compiler.go:488.4,490.12 3 0
github.com/ArubikU/polyloft-bvm/internal/jit/compiler.go:491.23,492.22 1 0
github.com/ArubikU/polyloft-bvm/internal/jit/compiler.go:492.22,494.5 1 0
github.com/ArubikU/polyloft-bvm/internal/jit/compiler.go:495.4,496.12 2 0
github.com/ArubikU/polyloft-bvm/internal/jit/compiler.go:497.102,498.22 1 0
github.com/ArubikU/polyloft-bvm/internal/jit/compiler.go:498.22,500.5 1 0
github.com/ArubikU/polyloft-bvm/internal/jit/compiler.go:501.4,502.14 2 0
github.com/ArubikU/polyloft-bvm/internal/jit/compiler.go:503.27,504.25 1 0
github.com/ArubikU/polyloft-bvm/internal/jit/compiler.go:505.27,506.25 1 0
github.com/ArubikU/polyloft-bvm/internal/jit/compiler.go:507.27,508.25 1 0
github.com/ArubikU/polyloft-bvm/internal/jit/compiler.go:509.27,510.25 1 0
github.com/ArubikU/polyloft-bvm/internal/jit/compiler.go:512.4,514.12 3 0
github.com/ArubikU/polyloft-bvm/internal/jit/compiler.go:515.26,516.22 1 0
github.com/ArubikU/polyloft-bvm/internal/jit/compiler.go:516.22,518.5 1 0
github.com/ArubikU/polyloft-bvm/internal/jit/compiler.go:519.4,520.12 2 0
github.com/ArubikU/polyloft-bvm/internal/jit/compiler.go:521.24,522.29 1 0
github.com/ArubikU/polyloft-bvm/internal/jit/compiler.go:522.29,524.5 1 0
github.com/ArubikU/polyloft-bvm/internal/jit/compiler.go:525.4,529.15 5 0
github.com/ArubikU/polyloft-bvm/internal/jit/compiler.go:530.31,531.47 1 0
github.com/ArubikU/polyloft-bvm/internal/jit/compiler.go:531.47,533.5 1 0
github.com/ArubikU/polyloft-bvm/internal/jit/compiler.go:534.4,538.15 5 0
github.com/ArubikU/polyloft-bvm/internal/jit/compiler.go:539.24,540.29 1 0
github.com/ArubikU/polyloft-bvm/internal/jit/compiler.go:540.29,542.5 1 0
github.com/ArubikU/polyloft-bvm/internal/jit/compiler.go:543.4,547.15 5 0
github.com/ArubikU/polyloft-bvm/internal/jit/compiler.go:548.26,549.22 1 0
github.com/ArubikU/polyloft-bvm/internal/jit/compiler.go:549.22,551.5 1 0
github.com/ArubikU/polyloft-bvm/internal/jit/compiler.go:552.4,553.29 2 0
github.com/ArubikU/polyloft-bvm/internal/jit/compiler.go:553.29,555.5 1 0
github.com/ArubikU/polyloft-bvm/internal/jit/compiler.go:556.4,556.45 1 0
github.com/ArubikU/polyloft-bvm/internal/jit/compiler.go:556.45,558.5 1 0
github.com/ArubikU/polyloft-bvm/internal/jit/compiler.go:559.4,560.34 2 0
github.com/ArubikU/polyloft-bvm/internal/jit/compiler.go:560.34,562.12 2 0
github.com/ArubikU/polyloft-bvm/internal/jit/compiler.go:562.12,564.6 1 0
github.com/ArubikU/polyloft-bvm/internal/jit/compiler.go:565.5,565.47 1 0
github.com/ArubikU/polyloft-bvm/internal/jit/compiler.go:567.4,567.68 1 0
github.com/ArubikU/polyloft-bvm/internal/jit/compiler.go:568.11,569.92 1 0
github.com/ArubikU/polyloft-bvm/internal/jit/compiler.go:571.3,571.28 1 0
github.com/ArubikU/polyloft-bvm/internal/jit/compiler.go:571.28,573.4 1 0
github.com/ArubikU/polyloft-bvm/internal/jit/compiler.go:575.2,575.77 1 0
github.com/ArubikU/polyloft-bvm/internal/jit/compiler.go:578.44,579.39 1 0
github.com/ArubikU/polyloft-bvm/internal/jit/compiler.go:579.39,581.13 2 0
github.com/ArubikU/polyloft-bvm/internal/jit/compiler.go:582.42,583.12 1 0
github.com/ArubikU/polyloft-bvm/internal/jit/compiler.go:584.11,585.16 1 0
github.com/ArubikU/polyloft-bvm/internal/jit/compiler.go:588.2,588.13 1 0
github.com/ArubikU/polyloft-bvm/internal/jit/compiler.go:591.57,592.38 1 0
github.com/ArubikU/polyloft-bvm/internal/jit/compiler.go:593.11,594.48 1 0
github.com/ArubikU/polyloft-bvm/internal/jit/compiler.go:595.13,596.41 1 0
github.com/ArubikU/polyloft-bvm/internal/jit/compiler.go:597.26,598.44 1 0
github.com/ArubikU/polyloft-bvm/internal/jit/compiler.go:599.15,600.43 1 0
github.com/ArubikU/polyloft-bvm/internal/jit/compiler.go:601.14,602.44 1 0
github.com/ArubikU/polyloft-bvm/internal/jit/compiler.go:603.12,604.42 1 0
github.com/ArubikU/polyloft-bvm/internal/jit/compiler.go:605.12,606.42 1 0
github.com/ArubikU/polyloft-bvm/internal/jit/compiler.go:607.19,608.166 1 0
github.com/ArubikU/polyloft-bvm/internal/jit/compiler.go:608.166,610.4 1 0
github.com/ArubikU/polyloft-bvm/internal/jit/compiler.go:611.3,611.33 1 0
github.com/ArubikU/polyloft-bvm/internal/jit/compiler.go:612.10,613.33 1 0
github.com/ArubikU/polyloft-bvm/internal/jit/compiler.go:617.45,618.16 1 0
github.com/ArubikU/polyloft-bvm/internal/jit/compiler.go:619.17,620.15 1 0
github.com/ArubikU/polyloft-bvm/internal/jit/compiler.go:621.20,622.38 1 0
github.com/ArubikU/polyloft-bvm/internal/jit/compiler.go:622.38,624.4 1 0
github.com/ArubikU/polyloft-bvm/internal/jit/compiler.go:625.3,625.55 1 0
github.com/ArubikU/polyloft-bvm/internal/jit/compiler.go:626.18,627.40 1 0
github.com/ArubikU/polyloft-bvm/internal/jit/compiler.go:628.32,629.49 1 0
github.com/ArubikU/polyloft-bvm/internal/jit/compiler.go:630.10,631.40 1 0
github.com/ArubikU/polyloft-bvm/internal/jit/compiler.go:635.131,636.20 1 0
[...]
github.com/ArubikU/polyloft-bvm/internal/parser/parser.go:2023.40,2024.14 1 0
github.com/ArubikU/polyloft-bvm/internal/parser/parser.go:2025.10,2026.15 1 0
github.com/ArubikU/polyloft-bvm/internal/parser/parser.go:2030.56,2031.14 1 0
github.com/ArubikU/polyloft-bvm/internal/parser/parser.go:2032.120,2033.14 1 0
github.com/ArubikU/polyloft-bvm/internal/parser/parser.go:2034.10,2035.15 1 0
github.com/ArubikU/polyloft-bvm/internal/parser/parser.go:2039.50,2040.28 1 0
github.com/ArubikU/polyloft-bvm/internal/parser/parser.go:2040.28,2042.3 1 0
github.com/ArubikU/polyloft-bvm/internal/parser/parser.go:2043.2,2043.30 1 0
github.com/ArubikU/polyloft-bvm/internal/parser/parser.go:2044.252,2045.14 1 0
github.com/ArubikU/polyloft-bvm/internal/parser/parser.go:2046.10,2047.15 1 0
github.com/ArubikU/polyloft-bvm/internal/parser/parser.go:2051.60,2053.28 2 0
github.com/ArubikU/polyloft-bvm/internal/parser/parser.go:2053.28,2055.3 1 0
github.com/ArubikU/polyloft-bvm/internal/parser/parser.go:2056.2,2056.37 1 0
github.com/ArubikU/polyloft-bvm/internal/parser/parser.go:2059.43,2061.16 2 0
github.com/ArubikU/polyloft-bvm/internal/parser/parser.go:2061.16,2063.3 1 0
github.com/ArubikU/polyloft-bvm/internal/parser/parser.go:2064.2,2064.6 1 0
github.com/ArubikU/polyloft-bvm/internal/parser/parser.go:2064.6,2065.69 1 0
github.com/ArubikU/polyloft-bvm/internal/parser/parser.go:2065.69,2067.4 1 0
github.com/ArubikU/polyloft-bvm/internal/parser/parser.go:2067.9,2067.21 1 0
github.com/ArubikU/polyloft-bvm/internal/parser/parser.go:2067.21,2068.101 1 0
github.com/ArubikU/polyloft-bvm/internal/parser/parser.go:2068.101,2070.5 1 0
github.com/ArubikU/polyloft-bvm/internal/parser/parser.go:2071.4,2072.18 2 0
github.com/ArubikU/polyloft-bvm/internal/parser/parser.go:2072.18,2074.5 1 0
github.com/ArubikU/polyloft-bvm/internal/parser/parser.go:2075.4,2075.12 1 0
github.com/ArubikU/polyloft-bvm/internal/parser/parser.go:2077.3,2077.31 1 0
github.com/ArubikU/polyloft-bvm/internal/parser/parser.go:2077.31,2079.18 2 0
github.com/ArubikU/polyloft-bvm/internal/parser/parser.go:2079.18,2081.5 1 0
github.com/ArubikU/polyloft-bvm/internal/parser/parser.go:2082.4,2082.12 1 0
github.com/ArubikU/polyloft-bvm/internal/parser/parser.go:2084.3,2084.25 1 0
github.com/ArubikU/polyloft-bvm/internal/parser/parser.go:2084.25,2086.18 2 0
github.com/ArubikU/polyloft-bvm/internal/parser/parser.go:2086.18,2088.5 1 0
github.com/ArubikU/polyloft-bvm/internal/parser/parser.go:2089.4,2090.12 2 0
github.com/ArubikU/polyloft-bvm/internal/parser/parser.go:2092.3,2092.33 1 0
github.com/ArubikU/polyloft-bvm/internal/parser/parser.go:2092.33,2098.18 6 0
github.com/ArubikU/polyloft-bvm/internal/parser/parser.go:2098.18,2100.5 1 0
github.com/ArubikU/polyloft-bvm/internal/parser/parser.go:2101.4,2101.31 1 0
github.com/ArubikU/polyloft-bvm/internal/parser/parser.go:2101.31,2103.19 2 0
github.com/ArubikU/polyloft-bvm/internal/parser/parser.go:2103.19,2105.6 1 0
github.com/ArubikU/polyloft-bvm/internal/parser/parser.go:2106.5,2106.88 1 0
github.com/ArubikU/polyloft-bvm/internal/parser/parser.go:2106.88,2108.6 1 0
github.com/ArubikU/polyloft-bvm/internal/parser/parser.go:2109.5,2110.13 2 0
github.com/ArubikU/polyloft-bvm/internal/parser/parser.go:2112.4,2112.87 1 0
github.com/ArubikU/polyloft-bvm/internal/parser/parser.go:2112.87,2114.5 1 0
github.com/ArubikU/polyloft-bvm/internal/parser/parser.go:2115.4,2116.12 2 0
github.com/ArubikU/polyloft-bvm/internal/parser/parser.go:2118.3,2118.8 1 0
github.com/ArubikU/polyloft-bvm/internal/parser/parser.go:2120.2,2120.18 1 0
github.com/ArubikU/polyloft-bvm/internal/parser/parser.go:2123.71,2124.26 1 0
github.com/ArubikU/polyloft-bvm/internal/parser/parser.go:2124.26,2126.3 1 0
github.com/ArubikU/polyloft-bvm/internal/parser/parser.go:2127.2,2130.6 4 0
github.com/ArubikU/polyloft-bvm/internal/parser/parser.go:2130.6,2132.17 2 0
github.com/ArubikU/polyloft-bvm/internal/parser/parser.go:2132.17,2135.4 2 0
github.com/ArubikU/polyloft-bvm/internal/parser/parser.go:2136.3,2137.28 2 0
github.com/ArubikU/polyloft-bvm/internal/parser/parser.go:2137.28,2138.9 1 0
github.com/ArubikU/polyloft-bvm/internal/parser/parser.go:2141.2,2141.97 1 0
github.com/ArubikU/polyloft-bvm/internal/parser/parser.go:2141.97,2144.3 2 0
github.com/ArubikU/polyloft-bvm/internal/parser/parser.go:2145.2,2145.31 1 0
github.com/ArubikU/polyloft-bvm/internal/parser/parser.go:2145.31,2148.3 2 0
github.com/ArubikU/polyloft-bvm/internal/parser/parser.go:2149.2,2149.24 1 0
github.com/ArubikU/polyloft-bvm/internal/parser/parser.go:2152.89,2155.16 3 0
github.com/ArubikU/polyloft-bvm/internal/parser/parser.go:2155.16,2157.3 1 0
github.com/ArubikU/polyloft-bvm/internal/parser/parser.go:2158.2,2158.94 1 0
github.com/ArubikU/polyloft-bvm/internal/parser/parser.go:2161.53,2163.32 2 0
github.com/ArubikU/polyloft-bvm/internal/parser/parser.go:2163.32,2164.7 1 0
github.com/ArubikU/polyloft-bvm/internal/parser/parser.go:2164.7,2166.18 2 0
github.com/ArubikU/polyloft-bvm/internal/parser/parser.go:2166.18,2168.5 1 0
github.com/ArubikU/polyloft-bvm/internal/parser/parser.go:2169.4,2170.29 2 0
github.com/ArubikU/polyloft-bvm/internal/parser/parser.go:2170.29,2171.10 1 0
github.com/ArubikU/polyloft-bvm/internal/parser/parser.go:2175.2,2175.87 1 0
github.com/ArubikU/polyloft-bvm/internal/parser/parser.go:2175.87,2177.3 1 0
github.com/ArubikU/polyloft-bvm/internal/parser/parser.go:2178.2,2178.18 1 0
github.com/ArubikU/polyloft-bvm/internal/parser/parser.go:2181.46,2182.26 1 0
github.com/ArubikU/polyloft-bvm/internal/parser/parser.go:2182.26,2184.3 1 0
github.com/ArubikU/polyloft-bvm/internal/parser/parser.go:2185.2,2185.25 1 0
github.com/ArubikU/polyloft-bvm/internal/parser/parser.go:2185.25,2187.3 1 0
github.com/ArubikU/polyloft-bvm/internal/parser/parser.go:2188.2,2188.24 1 0
github.com/ArubikU/polyloft-bvm/internal/parser/parser.go:2188.24,2190.3 1 0
github.com/ArubikU/polyloft-bvm/internal/parser/parser.go:2191.2,2191.30 1 0
github.com/ArubikU/polyloft-bvm/internal/parser/parser.go:2191.30,2193.17 2 0
github.com/ArubikU/polyloft-bvm/internal/parser/parser.go:2193.17,2195.4 1 0
github.com/ArubikU/polyloft-bvm/internal/parser/parser.go:2196.3,2196.45 1 0
github.com/ArubikU/polyloft-bvm/internal/parser/parser.go:2198.2,2198.32 1 0
github.com/ArubikU/polyloft-bvm/internal/parser/parser.go:2198.32,2200.17 2 0
github.com/ArubikU/polyloft-bvm/internal/parser/parser.go:2200.17,2202.4 1 0
github.com/ArubikU/polyloft-bvm/internal/parser/parser.go:2203.3,2203.45 1 0
github.com/ArubikU/polyloft-bvm/internal/parser/parser.go:2205.2,2205.25 1 0
github.com/ArubikU/polyloft-bvm/internal/parser/parser.go:2205.25,2207.22 2 0
github.com/ArubikU/polyloft-bvm/internal/parser/parser.go:2207.22,2209.4 1 0
github.com/ArubikU/polyloft-bvm/internal/parser/parser.go:2210.3,2210.48 1 0
github.com/ArubikU/polyloft-bvm/internal/parser/parser.go:2212.2,2212.27 1 0
github.com/ArubikU/polyloft-bvm/internal/parser/parser.go:2212.27,2214.3 1 0
github.com/ArubikU/polyloft-bvm/internal/parser/parser.go:2215.2,2215.32 1 0
github.com/ArubikU/polyloft-bvm/internal/parser/parser.go:2215.32,2218.35 3 0
github.com/ArubikU/polyloft-bvm/internal/parser/parser.go:2218.35,2219.8 1 0
github.com/ArubikU/polyloft-bvm/internal/parser/parser.go:2219.8,2221.19 2 0
github.com/ArubikU/polyloft-bvm/internal/parser/parser.go:2221.19,2223.6 1 0
github.com/ArubikU/polyloft-bvm/internal/parser/parser.go:2224.5,2226.30 3 0
github.com/ArubikU/polyloft-bvm/internal/parser/parser.go:2226.30,2227.11 1 0
github.com/ArubikU/polyloft-bvm/internal/parser/parser.go:2229.5,2229.21 1 0
github.com/ArubikU/polyloft-bvm/internal/parser/parser.go:2232.3,2233.94 2 0
github.com/ArubikU/polyloft-bvm/internal/parser/parser.go:2233.94,2235.4 1 0
github.com/ArubikU/polyloft-bvm/internal/parser/parser.go:2236.3,2236.49 1 0
github.com/ArubikU/polyloft-bvm/internal/parser/parser.go:2238.2,2238.30 1 0
github.com/ArubikU/polyloft-bvm/internal/parser/parser.go:2238.30,2241.33 3 0
github.com/ArubikU/polyloft-bvm/internal/parser/parser.go:2241.33,2242.8 1 0
github.com/ArubikU/polyloft-bvm/internal/parser/parser.go:2242.8,2245.34 3 0
github.com/ArubikU/polyloft-bvm/internal/parser/parser.go:2245.34,2247.6 1 0
github.com/ArubikU/polyloft-bvm/internal/parser/parser.go:2247.11,2247.37 1 0
github.com/ArubikU/polyloft-bvm/internal/parser/parser.go:2247.37,2249.6 1 0
github.com/ArubikU/polyloft-bvm/internal/parser/parser.go:2249.11,2252.6 2 0
github.com/ArubikU/polyloft-bvm/internal/parser/parser.go:2253.5,2253.83 1 0
github.com/ArubikU/polyloft-bvm/internal/parser/parser.go:2253.83,2255.6 1 0
github.com/ArubikU/polyloft-bvm/internal/parser/parser.go:2256.5,2257.19 2 0
github.com/ArubikU/polyloft-bvm/internal/parser/parser.go:2257.19,2259.6 1 0
github.com/ArubikU/polyloft-bvm/internal/parser/parser.go:2260.5,2262.30 3 0
github.com/ArubikU/polyloft-bvm/internal/parser/parser.go:2262.30,2263.11 1 0
github.com/ArubikU/polyloft-bvm/internal/parser/parser.go:2265.5,2265.21 1 0
github.com/ArubikU/polyloft-bvm/internal/parser/parser.go:2268.3,2269.90 2 0
github.com/ArubikU/polyloft-bvm/internal/parser/parser.go:2269.90,2271.4 1 0
github.com/ArubikU/polyloft-bvm/internal/parser/parser.go:2272.3,2272.45 1 0
github.com/ArubikU/polyloft-bvm/internal/parser/parser.go:2274.2,2274.31 1 0
github.com/ArubikU/polyloft-bvm/internal/parser/parser.go:2274.31,2276.3 1 0
github.com/ArubikU/polyloft-bvm/internal/parser/parser.go:2277.2,2277.25 1 0
github.com/ArubikU/polyloft-bvm/internal/parser/parser.go:2277.25,2279.3 1 0
github.com/ArubikU/polyloft-bvm/internal/parser/parser.go:2280.2,2280.24 1 0
github.com/ArubikU/polyloft-bvm/internal/parser/parser.go:2280.24,2283.17 2 0
github.com/ArubikU/polyloft-bvm/internal/parser/parser.go:2283.17,2285.4 1 0
github.com/ArubikU/polyloft-bvm/internal/parser/parser.go:2287.3,2288.33 2 0
github.com/ArubikU/polyloft-bvm/internal/parser/parser.go:2288.33,2289.36 1 0
github.com/ArubikU/polyloft-bvm/internal/parser/parser.go:2289.36,2291.19 2 0
github.com/ArubikU/polyloft-bvm/internal/parser/parser.go:2291.19,2293.6 1 0
github.com/ArubikU/polyloft-bvm/internal/parser/parser.go:2294.5,2294.20 1 0
github.com/ArubikU/polyloft-bvm/internal/parser/parser.go:2296.4,2296.92 1 0
github.com/ArubikU/polyloft-bvm/internal/parser/parser.go:2296.92,2298.5 1 0
github.com/ArubikU/polyloft-bvm/internal/parser/parser.go:2301.3,2303.31 3 0
github.com/ArubikU/polyloft-bvm/internal/parser/parser.go:2303.31,2305.34 2 0
github.com/ArubikU/polyloft-bvm/internal/parser/parser.go:2305.34,2306.9 1 0
github.com/ArubikU/polyloft-bvm/internal/parser/parser.go:2306.9,2308.20 2 0
github.com/ArubikU/polyloft-bvm/internal/parser/parser.go:2308.20,2310.7 1 0
github.com/ArubikU/polyloft-bvm/internal/parser/parser.go:2311.6,2312.31 2 0
github.com/ArubikU/polyloft-bvm/internal/parser/parser.go:2312.31,2313.12 1 0
github.com/ArubikU/polyloft-bvm/internal/parser/parser.go:2317.4,2317.97 1 0
github.com/ArubikU/polyloft-bvm/internal/parser/parser.go:2317.97,2319.5 1 0
github.com/ArubikU/polyloft-bvm/internal/parser/parser.go:2322.3,2322.58 1 0
github.com/ArubikU/polyloft-bvm/internal/parser/parser.go:2322.58,2324.4 1 0
github.com/ArubikU/polyloft-bvm/internal/parser/parser.go:2326.3,2326.131 1 0
github.com/ArubikU/polyloft-bvm/internal/parser/parser.go:2326.131,2327.89 1 0
github.com/ArubikU/polyloft-bvm/internal/parser/parser.go:2327.89,2329.5 1 0
github.com/ArubikU/polyloft-bvm/internal/parser/parser.go:2330.4,2332.34 3 0
github.com/ArubikU/polyloft-bvm/internal/parser/parser.go:2332.34,2333.9 1 0
github.com/ArubikU/polyloft-bvm/internal/parser/parser.go:2333.9,2335.20 2 0
github.com/ArubikU/polyloft-bvm/internal/parser/parser.go:2335.20,2337.7 1 0
github.com/ArubikU/polyloft-bvm/internal/parser/parser.go:2338.6,2339.31 2 0
github.com/ArubikU/polyloft-bvm/internal/parser/parser.go:2339.31,2340.12 1 0
github.com/ArubikU/polyloft-bvm/internal/parser/parser.go:2344.4,2344.89 1 0
github.com/ArubikU/polyloft-bvm/internal/parser/parser.go:2344.89,2346.5 1 0
github.com/ArubikU/polyloft-bvm/internal/parser/parser.go:2347.4,2347.82 1 0
github.com/ArubikU/polyloft-bvm/internal/parser/parser.go:2349.3,2349.53 1 0
github.com/ArubikU/polyloft-bvm/internal/parser/parser.go:2351.2,2351.29 1 0
github.com/ArubikU/polyloft-bvm/internal/parser/parser.go:2351.29,2353.3 1 0
github.com/ArubikU/polyloft-bvm/internal/parser/parser.go:2354.2,2354.26 1 0
github.com/ArubikU/polyloft-bvm/internal/parser/parser.go:2354.26,2356.3 1 0
github.com/ArubikU/polyloft-bvm/internal/parser/parser.go:2357.2,2357.30 1 0
github.com/ArubikU/polyloft-bvm/internal/parser/parser.go:2357.30,2358.24 1 0
github.com/ArubikU/polyloft-bvm/internal/parser/parser.go:2358.24,2360.18 2 0
github.com/ArubikU/polyloft-bvm/internal/parser/parser.go:2360.18,2362.5 1 0
github.com/ArubikU/polyloft-bvm/internal/parser/parser.go:2363.4,2363.96 1 0
github.com/ArubikU/polyloft-bvm/internal/parser/parser.go:2363.96,2365.5 1 0
github.com/ArubikU/polyloft-bvm/internal/parser/parser.go:2366.4,2366.28 1 0
github.com/ArubikU/polyloft-bvm/internal/parser/parser.go:2366.28,2369.19 3 0
github.com/ArubikU/polyloft-bvm/internal/parser/parser.go:2369.19,2371.6 1 0
github.com/ArubikU/polyloft-bvm/internal/parser/parser.go:2372.5,2372.88 1 0
github.com/ArubikU/polyloft-bvm/internal/parser/parser.go:2372.88,2374.6 1 0
github.com/ArubikU/polyloft-bvm/internal/parser/parser.go:2375.5,2375.61 1 0
github.com/ArubikU/polyloft-bvm/internal/parser/parser.go:2377.4,2378.18 2 0
github.com/ArubikU/polyloft-bvm/internal/parser/parser.go:2378.18,2380.5 1 0
github.com/ArubikU/polyloft-bvm/internal/parser/parser.go:2381.4,2381.59 1 0
github.com/ArubikU/polyloft-bvm/internal/parser/parser.go:2383.3,2384.17 2 0
github.com/ArubikU/polyloft-bvm/internal/parser/parser.go:2384.17,2386.4 1 0
github.com/ArubikU/polyloft-bvm/internal/parser/parser.go:2387.3,2387.27 1 0
github.com/ArubikU/polyloft-bvm/internal/parser/parser.go:2387.27,2389.8 2 0
github.com/ArubikU/polyloft-bvm/internal/parser/parser.go:2389.8,2391.19 2 0
github.com/ArubikU/polyloft-bvm/internal/parser/parser.go:2391.19,2393.6 1 0
github.com/ArubikU/polyloft-bvm/internal/parser/parser.go:2394.5,2395.30 2 0
github.com/ArubikU/polyloft-bvm/internal/parser/parser.go:2395.30,2396.11 1 0
github.com/ArubikU/polyloft-bvm/internal/parser/parser.go:2399.4,2399.93 1 0
github.com/ArubikU/polyloft-bvm/internal/parser/parser.go:2399.93,2401.5 1 0
github.com/ArubikU/polyloft-bvm/internal/parser/parser.go:2402.4,2402.50 1 0
github.com/ArubikU/polyloft-bvm/internal/parser/parser.go:2404.3,2404.89 1 0
github.com/ArubikU/polyloft-bvm/internal/parser/parser.go:2404.89,2406.4 1 0
github.com/ArubikU/polyloft-bvm/internal/parser/parser.go:2407.3,2407.45 1 0
github.com/ArubikU/polyloft-bvm/internal/parser/parser.go:2409.2,2410.111 2 0
github.com/ArubikU/polyloft-bvm/internal/parser/parser.go:2413.51,2415.2 1 0
github.com/ArubikU/polyloft-bvm/internal/parser/parser.go:2417.83,2419.16 2 0
github.com/ArubikU/polyloft-bvm/internal/parser/parser.go:2419.16,2421.3 1 0
github.com/ArubikU/polyloft-bvm/internal/parser/parser.go:2422.2,2422.87 1 0
github.com/ArubikU/polyloft-bvm/internal/parser/parser.go:2422.87,2424.3 1 0
github.com/ArubikU/polyloft-bvm/internal/parser/parser.go:2425.2,2427.16 3 0
github.com/ArubikU/polyloft-bvm/internal/parser/parser.go:2427.16,2429.3 1 0
github.com/ArubikU/polyloft-bvm/internal/parser/parser.go:2430.2,2430.84 1 0
github.com/ArubikU/polyloft-bvm/internal/parser/parser.go:2430.84,2432.3 1 0
github.com/ArubikU/polyloft-bvm/internal/parser/parser.go:2433.2,2440.8 4 0
github.com/ArubikU/polyloft-bvm/internal/parser/parser.go:2443.39,2445.44 2 0
github.com/ArubikU/polyloft-bvm/internal/parser/parser.go:2445.44,2447.3 1 0
github.com/ArubikU/polyloft-bvm/internal/parser/parser.go:2448.2,2448.26 1 0
github.com/ArubikU/polyloft-bvm/internal/parser/parser.go:2448.26,2449.45 1 0
github.com/ArubikU/polyloft-bvm/internal/parser/parser.go:2449.45,2451.4 1 0
github.com/ArubikU/polyloft-bvm/internal/parser/parser.go:2452.3,2453.63 2 0
github.com/ArubikU/polyloft-bvm/internal/parser/parser.go:2453.63,2455.70 2 0
github.com/ArubikU/polyloft-bvm/internal/parser/parser.go:2455.70,2457.5 1 0
github.com/ArubikU/polyloft-bvm/internal/parser/parser.go:2458.4,2458.9 1 0
github.com/ArubikU/polyloft-bvm/internal/parser/parser.go:2460.3,2460.27 1 0
github.com/ArubikU/polyloft-bvm/internal/parser/parser.go:2460.27,2462.4 1 0
github.com/ArubikU/polyloft-bvm/internal/parser/parser.go:2463.3,2463.40 1 0
github.com/ArubikU/polyloft-bvm/internal/parser/parser.go:2463.40,2465.12 2 0
github.com/ArubikU/polyloft-bvm/internal/parser/parser.go:2467.3,2467.45 1 0
github.com/ArubikU/polyloft-bvm/internal/parser/parser.go:2467.45,2469.4 1 0
github.com/ArubikU/polyloft-bvm/internal/parser/parser.go:2470.3,2470.15 1 0
github.com/ArubikU/polyloft-bvm/internal/parser/parser.go:2472.2,2472.14 1 0
github.com/ArubikU/polyloft-bvm/internal/parser/parser.go:2475.65,2477.32 2 0
github.com/ArubikU/polyloft-bvm/internal/parser/parser.go:2477.32,2478.7 1 0
github.com/ArubikU/polyloft-bvm/internal/parser/parser.go:2478.7,2480.18 2 0
github.com/ArubikU/polyloft-bvm/internal/parser/parser.go:2480.18,2482.5 1 0
github.com/ArubikU/polyloft-bvm/internal/parser/parser.go:2483.4,2484.28 2 0
github.com/ArubikU/polyloft-bvm/internal/parser/parser.go:2484.28,2486.19 2 0
github.com/ArubikU/polyloft-bvm/internal/parser/parser.go:2486.19,2488.6 1 0
github.com/ArubikU/polyloft-bvm/internal/parser/parser.go:2490.4,2491.29 2 0
github.com/ArubikU/polyloft-bvm/internal/parser/parser.go:2491.29,2492.10 1 0
github.com/ArubikU/polyloft-bvm/internal/parser/parser.go:2496.2,2496.95 1 0
github.com/ArubikU/polyloft-bvm/internal/parser/parser.go:2496.95,2498.3 1 0
github.com/ArubikU/polyloft-bvm/internal/parser/parser.go:2499.2,2499.20 1 0
github.com/ArubikU/polyloft-bvm/internal/parser/parser.go:2502.50,2503.29 1 0
github.com/ArubikU/polyloft-bvm/internal/parser/parser.go:2503.29,2504.20 1 0
github.com/ArubikU/polyloft-bvm/internal/parser/parser.go:2504.20,2507.4 2 0
github.com/ArubikU/polyloft-bvm/internal/parser/parser.go:2509.2,2509.14 1 0
github.com/ArubikU/polyloft-bvm/internal/parser/parser.go:2512.80,2513.19 1 0
github.com/ArubikU/polyloft-bvm/internal/parser/parser.go:2513.19,2515.3 1 0
github.com/ArubikU/polyloft-bvm/internal/parser/parser.go:2516.2,2517.91 2 0
github.com/ArubikU/polyloft-bvm/internal/parser/parser.go:2520.67,2521.155 1 0
github.com/ArubikU/polyloft-bvm/internal/parser/parser.go:2521.155,2523.3 1 0
github.com/ArubikU/polyloft-bvm/internal/parser/parser.go:2524.2,2525.91 2 0
github.com/ArubikU/polyloft-bvm/internal/parser/parser.go:2528.33,2529.29 1 0
github.com/ArubikU/polyloft-bvm/internal/parser/parser.go:2529.30,2530.3 0 0
github.com/ArubikU/polyloft-bvm/internal/parser/parser.go:2533.46,2534.17 1 0
github.com/ArubikU/polyloft-bvm/internal/parser/parser.go:2534.17,2536.3 1 0
github.com/ArubikU/polyloft-bvm/internal/parser/parser.go:2537.2,2537.30 1 0
github.com/ArubikU/polyloft-bvm/internal/parser/parser.go:2540.50,2541.30 1 0
github.com/ArubikU/polyloft-bvm/internal/parser/parser.go:2541.30,2543.3 1 0
github.com/ArubikU/polyloft-bvm/internal/parser/parser.go:2544.2,2544.39 1 0
github.com/ArubikU/polyloft-bvm/internal/parser/parser.go:2547.53,2548.29 1 0
github.com/ArubikU/polyloft-bvm/internal/parser/parser.go:2548.29,2549.20 1 0
github.com/ArubikU/polyloft-bvm/internal/parser/parser.go:2549.20,2551.4 1 0
github.com/ArubikU/polyloft-bvm/internal/parser/parser.go:2553.2,2553.14 1 0
github.com/ArubikU/polyloft-bvm/internal/parser/parser.go:2556.40,2557.18 1 0
github.com/ArubikU/polyloft-bvm/internal/parser/parser.go:2557.18,2559.3 1 0
github.com/ArubikU/polyloft-bvm/internal/parser/parser.go:2560.2,2560.21 1 0
github.com/ArubikU/polyloft-bvm/internal/parser/parser.go:2563.33,2565.2 1 0
github.com/ArubikU/polyloft-bvm/internal/parser/parser.go:2567.37,2569.2 1 0
github.com/ArubikU/polyloft-bvm/internal/parser/parser.go:2571.41,2573.2 1 0
